[1.753s] DEBUG:colcon:Command line arguments: ['/usr/bin/colcon', 'build']
[1.753s] DEBUG:colcon:Parsed command line arguments: Namespace(log_base=None, log_level=None, verb_name='build', build_base='build', install_base='install', merge_install=False, symlink_install=False, test_result_base=None, continue_on_error=False, executor='parallel', parallel_workers=8, event_handlers=None, ignore_user_meta=False, metas=['./colcon.meta'], base_paths=['.'], packages_ignore=None, packages_ignore_regex=None, paths=None, packages_up_to=None, packages_up_to_regex=None, packages_above=None, packages_above_and_dependencies=None, packages_above_depth=None, packages_select_by_dep=None, packages_skip_by_dep=None, packages_skip_up_to=None, packages_select_build_failed=False, packages_skip_build_finished=False, packages_select_test_failures=False, packages_skip_test_passed=False, packages_select=None, packages_skip=None, packages_select_regex=None, packages_skip_regex=None, packages_start=None, packages_end=None, allow_overriding=[], cmake_args=None, cmake_target=None, cmake_target_skip_unavailable=False, cmake_clean_cache=False, cmake_clean_first=False, cmake_force_configure=False, ament_cmake_args=None, catkin_cmake_args=None, catkin_skip_building_tests=False, verb_parser=<colcon_defaults.argument_parser.defaults.DefaultArgumentsDecorator object at 0x7428a5cba200>, verb_extension=<colcon_core.verb.build.BuildVerb object at 0x7428a5cbbbe0>, main=<bound method BuildVerb.main of <colcon_core.verb.build.BuildVerb object at 0x7428a5cbbbe0>>)
[1.869s] Level 1:colcon.colcon_core.package_discovery:discover_packages(colcon_meta) check parameters
[1.870s] Level 1:colcon.colcon_core.package_discovery:discover_packages(recursive) check parameters
[1.870s] Level 1:colcon.colcon_core.package_discovery:discover_packages(ignore) check parameters
[1.870s] Level 1:colcon.colcon_core.package_discovery:discover_packages(path) check parameters
[1.870s] Level 1:colcon.colcon_core.package_discovery:discover_packages(colcon_meta) discover
[1.870s] Level 1:colcon.colcon_core.package_discovery:discover_packages(recursive) discover
[1.870s] INFO:colcon.colcon_core.package_discovery:Crawling recursively for packages in '/home/uphf/c-its/domain_bridge'
[1.870s] Level 1:colcon.colcon_core.package_identification:_identify(.) by extensions ['ignore', 'ignore_ament_install']
[1.870s] Level 1:colcon.colcon_core.package_identification:_identify(.) by extension 'ignore'
[1.870s] Level 1:colcon.colcon_core.package_identification:_identify(.) by extension 'ignore_ament_install'
[1.870s] Level 1:colcon.colcon_core.package_identification:_identify(.) by extensions ['colcon_pkg']
[1.871s] Level 1:colcon.colcon_core.package_identification:_identify(.) by extension 'colcon_pkg'
[1.871s] Level 1:colcon.colcon_core.package_identification:_identify(.) by extensions ['colcon_meta']
[1.871s] Level 1:colcon.colcon_core.package_identification:_identify(.) by extension 'colcon_meta'
[1.871s] Level 1:colcon.colcon_core.package_identification:_identify(.) by extensions ['ros']
[1.871s] Level 1:colcon.colcon_core.package_identification:_identify(.) by extension 'ros'
[1.893s] DEBUG:colcon.colcon_core.package_identification:Package '.' with type 'ros.ament_cmake' and name 'domain_bridge'
[1.893s] Level 1:colcon.colcon_core.package_discovery:discover_packages(recursive) using defaults
[1.894s] Level 1:colcon.colcon_core.package_discovery:discover_packages(ignore) discover
[1.894s] Level 1:colcon.colcon_core.package_discovery:discover_packages(ignore) using defaults
[1.894s] Level 1:colcon.colcon_core.package_discovery:discover_packages(path) discover
[1.894s] Level 1:colcon.colcon_core.package_discovery:discover_packages(path) using defaults
[2.044s] Level 1:colcon.colcon_core.package_discovery:discover_packages(prefix_path) check parameters
[2.044s] Level 1:colcon.colcon_core.package_discovery:discover_packages(prefix_path) discover
[2.072s] WARNING:colcon.colcon_ros.prefix_path.ament:The path '/home/uphf/c-its/domain_bridge/install/domain_bridge' in the environment variable AMENT_PREFIX_PATH doesn't exist
[2.072s] WARNING:colcon.colcon_ros.prefix_path.catkin:The path '/home/uphf/c-its/domain_bridge/install/domain_bridge' in the environment variable CMAKE_PREFIX_PATH doesn't exist
[2.097s] DEBUG:colcon.colcon_installed_package_information.package_discovery:Found 0 installed packages in /home/uphf/c-its/domain_bridge/install
[2.123s] DEBUG:colcon.colcon_installed_package_information.package_discovery:Found 314 installed packages in /opt/ros/humble
[2.125s] Level 1:colcon.colcon_core.package_discovery:discover_packages(prefix_path) using defaults
[2.281s] Level 5:colcon.colcon_core.verb:set package 'domain_bridge' build argument 'cmake_args' from command line to 'None'
[2.281s] Level 5:colcon.colcon_core.verb:set package 'domain_bridge' build argument 'cmake_target' from command line to 'None'
[2.282s] Level 5:colcon.colcon_core.verb:set package 'domain_bridge' build argument 'cmake_target_skip_unavailable' from command line to 'False'
[2.282s] Level 5:colcon.colcon_core.verb:set package 'domain_bridge' build argument 'cmake_clean_cache' from command line to 'False'
[2.282s] Level 5:colcon.colcon_core.verb:set package 'domain_bridge' build argument 'cmake_clean_first' from command line to 'False'
[2.282s] Level 5:colcon.colcon_core.verb:set package 'domain_bridge' build argument 'cmake_force_configure' from command line to 'False'
[2.282s] Level 5:colcon.colcon_core.verb:set package 'domain_bridge' build argument 'ament_cmake_args' from command line to 'None'
[2.282s] Level 5:colcon.colcon_core.verb:set package 'domain_bridge' build argument 'catkin_cmake_args' from command line to 'None'
[2.282s] Level 5:colcon.colcon_core.verb:set package 'domain_bridge' build argument 'catkin_skip_building_tests' from command line to 'False'
[2.282s] DEBUG:colcon.colcon_core.verb:Building package 'domain_bridge' with the following arguments: {'ament_cmake_args': None, 'build_base': '/home/uphf/c-its/domain_bridge/build/domain_bridge', 'catkin_cmake_args': None, 'catkin_skip_building_tests': False, 'cmake_args': None, 'cmake_clean_cache': False, 'cmake_clean_first': False, 'cmake_force_configure': False, 'cmake_target': None, 'cmake_target_skip_unavailable': False, 'install_base': '/home/uphf/c-its/domain_bridge/install/domain_bridge', 'merge_install': False, 'path': '/home/uphf/c-its/domain_bridge', 'symlink_install': False, 'test_result_base': None}
[2.302s] INFO:colcon.colcon_core.executor:Executing jobs using 'parallel' executor
[2.324s] DEBUG:colcon.colcon_parallel_executor.executor.parallel:run_until_complete
[2.324s] INFO:colcon.colcon_ros.task.ament_cmake.build:Building ROS package in '/home/uphf/c-its/domain_bridge' with build type 'ament_cmake'
[2.324s] INFO:colcon.colcon_cmake.task.cmake.build:Building CMake package in '/home/uphf/c-its/domain_bridge'
[2.354s] INFO:colcon.colcon_core.plugin_system:Skipping extension 'colcon_core.shell.bat': Not used on non-Windows systems
[2.354s] INFO:colcon.colcon_core.shell:Skip shell extension 'powershell' for command environment: Not usable outside of PowerShell
[2.354s] DEBUG:colcon.colcon_core.shell:Skip shell extension 'dsv' for command environment
[2.473s] DEBUG:colcon.colcon_core.event_handler.log_command:Invoking command in '/home/uphf/c-its/domain_bridge/build/domain_bridge': CMAKE_PREFIX_PATH=${CMAKE_PREFIX_PATH}:/opt/ros/humble /usr/bin/cmake /home/uphf/c-its/domain_bridge -DCMAKE_INSTALL_PREFIX=/home/uphf/c-its/domain_bridge/install/domain_bridge
[7.263s] DEBUG:colcon.colcon_core.event_handler.log_command:Invoked command in '/home/uphf/c-its/domain_bridge/build/domain_bridge' returned '0': CMAKE_PREFIX_PATH=${CMAKE_PREFIX_PATH}:/opt/ros/humble /usr/bin/cmake /home/uphf/c-its/domain_bridge -DCMAKE_INSTALL_PREFIX=/home/uphf/c-its/domain_bridge/install/domain_bridge
[7.266s] DEBUG:colcon.colcon_core.event_handler.log_command:Invoking command in '/home/uphf/c-its/domain_bridge/build/domain_bridge': CMAKE_PREFIX_PATH=${CMAKE_PREFIX_PATH}:/opt/ros/humble /usr/bin/cmake --build /home/uphf/c-its/domain_bridge/build/domain_bridge -- -j8 -l8
[131.761s] DEBUG:colcon.colcon_core.event_handler.log_command:Invoked command in '/home/uphf/c-its/domain_bridge/build/domain_bridge' returned '0': CMAKE_PREFIX_PATH=${CMAKE_PREFIX_PATH}:/opt/ros/humble /usr/bin/cmake --build /home/uphf/c-its/domain_bridge/build/domain_bridge -- -j8 -l8
[131.917s] DEBUG:colcon.colcon_core.event_handler.log_command:Invoking command in '/home/uphf/c-its/domain_bridge/build/domain_bridge': CMAKE_PREFIX_PATH=${CMAKE_PREFIX_PATH}:/opt/ros/humble /usr/bin/cmake --install /home/uphf/c-its/domain_bridge/build/domain_bridge
[132.052s] Level 1:colcon.colcon_core.environment:create_environment_scripts_only(domain_bridge)
[132.053s] DEBUG:colcon.colcon_core.event_handler.log_command:Invoked command in '/home/uphf/c-its/domain_bridge/build/domain_bridge' returned '0': CMAKE_PREFIX_PATH=${CMAKE_PREFIX_PATH}:/opt/ros/humble /usr/bin/cmake --install /home/uphf/c-its/domain_bridge/build/domain_bridge
[132.087s] Level 1:colcon.colcon_core.environment:checking '/home/uphf/c-its/domain_bridge/install/domain_bridge' for CMake module files
[132.088s] Level 1:colcon.colcon_core.environment:checking '/home/uphf/c-its/domain_bridge/install/domain_bridge' for CMake config files
[132.089s] Level 1:colcon.colcon_core.shell:create_environment_hook('domain_bridge', 'cmake_prefix_path')
[132.123s] INFO:colcon.colcon_core.shell:Creating environment hook '/home/uphf/c-its/domain_bridge/install/domain_bridge/share/domain_bridge/hook/cmake_prefix_path.ps1'
[132.125s] INFO:colcon.colcon_core.shell:Creating environment descriptor '/home/uphf/c-its/domain_bridge/install/domain_bridge/share/domain_bridge/hook/cmake_prefix_path.dsv'
[132.125s] INFO:colcon.colcon_core.shell:Creating environment hook '/home/uphf/c-its/domain_bridge/install/domain_bridge/share/domain_bridge/hook/cmake_prefix_path.sh'
[132.127s] Level 1:colcon.colcon_core.environment:checking '/home/uphf/c-its/domain_bridge/install/domain_bridge/lib'
[132.127s] Level 1:colcon.colcon_core.shell:create_environment_hook('domain_bridge', 'ld_library_path_lib')
[132.167s] INFO:colcon.colcon_core.shell:Creating environment hook '/home/uphf/c-its/domain_bridge/install/domain_bridge/share/domain_bridge/hook/ld_library_path_lib.ps1'
[132.168s] INFO:colcon.colcon_core.shell:Creating environment descriptor '/home/uphf/c-its/domain_bridge/install/domain_bridge/share/domain_bridge/hook/ld_library_path_lib.dsv'
[132.169s] INFO:colcon.colcon_core.shell:Creating environment hook '/home/uphf/c-its/domain_bridge/install/domain_bridge/share/domain_bridge/hook/ld_library_path_lib.sh'
[132.170s] Level 1:colcon.colcon_core.environment:checking '/home/uphf/c-its/domain_bridge/install/domain_bridge/bin'
[132.170s] Level 1:colcon.colcon_core.environment:checking '/home/uphf/c-its/domain_bridge/install/domain_bridge/lib/pkgconfig/domain_bridge.pc'
[132.170s] Level 1:colcon.colcon_core.environment:checking '/home/uphf/c-its/domain_bridge/install/domain_bridge/lib/python3.10/site-packages'
[132.171s] Level 1:colcon.colcon_core.environment:checking '/home/uphf/c-its/domain_bridge/install/domain_bridge/bin'
[132.195s] INFO:colcon.colcon_core.shell:Creating package script '/home/uphf/c-its/domain_bridge/install/domain_bridge/share/domain_bridge/package.ps1'
[132.197s] INFO:colcon.colcon_core.shell:Creating package descriptor '/home/uphf/c-its/domain_bridge/install/domain_bridge/share/domain_bridge/package.dsv'
[132.202s] INFO:colcon.colcon_core.shell:Creating package script '/home/uphf/c-its/domain_bridge/install/domain_bridge/share/domain_bridge/package.sh'
[132.206s] INFO:colcon.colcon_core.shell:Creating package script '/home/uphf/c-its/domain_bridge/install/domain_bridge/share/domain_bridge/package.bash'
[132.209s] INFO:colcon.colcon_core.shell:Creating package script '/home/uphf/c-its/domain_bridge/install/domain_bridge/share/domain_bridge/package.zsh'
[132.210s] Level 1:colcon.colcon_core.environment:create_file_with_runtime_dependencies(/home/uphf/c-its/domain_bridge/install/domain_bridge/share/colcon-core/packages/domain_bridge)
[132.447s] Level 1:colcon.colcon_core.environment:create_environment_scripts_only(domain_bridge)
[132.470s] Level 1:colcon.colcon_core.environment:checking '/home/uphf/c-its/domain_bridge/install/domain_bridge' for CMake module files
[132.472s] Level 1:colcon.colcon_core.environment:checking '/home/uphf/c-its/domain_bridge/install/domain_bridge' for CMake config files
[132.472s] Level 1:colcon.colcon_core.shell:create_environment_hook('domain_bridge', 'cmake_prefix_path')
[132.495s] INFO:colcon.colcon_core.shell:Creating environment hook '/home/uphf/c-its/domain_bridge/install/domain_bridge/share/domain_bridge/hook/cmake_prefix_path.ps1'
[132.496s] INFO:colcon.colcon_core.shell:Creating environment descriptor '/home/uphf/c-its/domain_bridge/install/domain_bridge/share/domain_bridge/hook/cmake_prefix_path.dsv'
[132.496s] INFO:colcon.colcon_core.shell:Creating environment hook '/home/uphf/c-its/domain_bridge/install/domain_bridge/share/domain_bridge/hook/cmake_prefix_path.sh'
[132.497s] Level 1:colcon.colcon_core.environment:checking '/home/uphf/c-its/domain_bridge/install/domain_bridge/lib'
[132.497s] Level 1:colcon.colcon_core.shell:create_environment_hook('domain_bridge', 'ld_library_path_lib')
[132.518s] INFO:colcon.colcon_core.shell:Creating environment hook '/home/uphf/c-its/domain_bridge/install/domain_bridge/share/domain_bridge/hook/ld_library_path_lib.ps1'
[132.518s] INFO:colcon.colcon_core.shell:Creating environment descriptor '/home/uphf/c-its/domain_bridge/install/domain_bridge/share/domain_bridge/hook/ld_library_path_lib.dsv'
[132.519s] INFO:colcon.colcon_core.shell:Creating environment hook '/home/uphf/c-its/domain_bridge/install/domain_bridge/share/domain_bridge/hook/ld_library_path_lib.sh'
[132.519s] Level 1:colcon.colcon_core.environment:checking '/home/uphf/c-its/domain_bridge/install/domain_bridge/bin'
[132.519s] Level 1:colcon.colcon_core.environment:checking '/home/uphf/c-its/domain_bridge/install/domain_bridge/lib/pkgconfig/domain_bridge.pc'
[132.519s] Level 1:colcon.colcon_core.environment:checking '/home/uphf/c-its/domain_bridge/install/domain_bridge/lib/python3.10/site-packages'
[132.520s] Level 1:colcon.colcon_core.environment:checking '/home/uphf/c-its/domain_bridge/install/domain_bridge/bin'
[132.540s] INFO:colcon.colcon_core.shell:Creating package script '/home/uphf/c-its/domain_bridge/install/domain_bridge/share/domain_bridge/package.ps1'
[132.540s] INFO:colcon.colcon_core.shell:Creating package descriptor '/home/uphf/c-its/domain_bridge/install/domain_bridge/share/domain_bridge/package.dsv'
[132.541s] INFO:colcon.colcon_core.shell:Creating package script '/home/uphf/c-its/domain_bridge/install/domain_bridge/share/domain_bridge/package.sh'
[132.542s] INFO:colcon.colcon_core.shell:Creating package script '/home/uphf/c-its/domain_bridge/install/domain_bridge/share/domain_bridge/package.bash'
[132.542s] INFO:colcon.colcon_core.shell:Creating package script '/home/uphf/c-its/domain_bridge/install/domain_bridge/share/domain_bridge/package.zsh'
[132.542s] Level 1:colcon.colcon_core.environment:create_file_with_runtime_dependencies(/home/uphf/c-its/domain_bridge/install/domain_bridge/share/colcon-core/packages/domain_bridge)
[132.543s] DEBUG:colcon.colcon_parallel_executor.executor.parallel:closing loop
[132.543s] DEBUG:colcon.colcon_parallel_executor.executor.parallel:loop closed
[132.543s] DEBUG:colcon.colcon_parallel_executor.executor.parallel:run_until_complete finished with '0'
[132.544s] DEBUG:colcon.colcon_core.event_reactor:joining thread
[132.577s] INFO:colcon.colcon_core.plugin_system:Skipping extension 'colcon_notification.desktop_notification.terminal_notifier': Not used on non-Darwin systems
[132.577s] INFO:colcon.colcon_core.plugin_system:Skipping extension 'colcon_notification.desktop_notification.win32': Not used on non-Windows systems
[132.577s] INFO:colcon.colcon_notification.desktop_notification:Sending desktop notification using 'notify2'
[132.612s] DEBUG:colcon.colcon_core.event_reactor:joined thread
[132.680s] INFO:colcon.colcon_core.shell:Creating prefix script '/home/uphf/c-its/domain_bridge/install/local_setup.ps1'
[132.682s] INFO:colcon.colcon_core.shell:Creating prefix util module '/home/uphf/c-its/domain_bridge/install/_local_setup_util_ps1.py'
[132.686s] INFO:colcon.colcon_core.shell:Creating prefix chain script '/home/uphf/c-its/domain_bridge/install/setup.ps1'
[132.723s] INFO:colcon.colcon_core.shell:Creating prefix script '/home/uphf/c-its/domain_bridge/install/local_setup.sh'
[132.725s] INFO:colcon.colcon_core.shell:Creating prefix util module '/home/uphf/c-its/domain_bridge/install/_local_setup_util_sh.py'
[132.725s] INFO:colcon.colcon_core.shell:Creating prefix chain script '/home/uphf/c-its/domain_bridge/install/setup.sh'
[132.752s] INFO:colcon.colcon_core.shell:Creating prefix script '/home/uphf/c-its/domain_bridge/install/local_setup.bash'
[132.753s] INFO:colcon.colcon_core.shell:Creating prefix chain script '/home/uphf/c-its/domain_bridge/install/setup.bash'
[132.777s] INFO:colcon.colcon_core.shell:Creating prefix script '/home/uphf/c-its/domain_bridge/install/local_setup.zsh'
[132.778s] INFO:colcon.colcon_core.shell:Creating prefix chain script '/home/uphf/c-its/domain_bridge/install/setup.zsh'
