-- The C compiler identification is GNU 13.3.0
-- The CXX compiler identification is GNU 13.3.0
-- Detecting C compiler ABI info
-- Detecting C compiler ABI info - done
-- Check for working C compiler: /usr/bin/cc - skipped
-- Detecting C compile features
-- Detecting C compile features - done
-- Detecting CXX compiler ABI info
-- Detecting CXX compiler ABI info - done
-- Check for working CXX compiler: /usr/bin/c++ - skipped
-- Detecting CXX compile features
-- Detecting CXX compile features - done
-- Found ament_cmake: 2.5.6 (/home/syfra/ros2_jazzy/install/ament_cmake/share/ament_cmake/cmake)
-- Found Python3: /usr/bin/python3 (found version "3.12.3") found components: Interpreter 
-- Found rclcpp: 28.1.18 (/home/syfra/ros2_jazzy/install/rclcpp/share/rclcpp/cmake)
-- Found rosidl_generator_c: 4.6.7 (/home/syfra/ros2_jazzy/install/rosidl_generator_c/share/rosidl_generator_c/cmake)
-- Found rosidl_generator_cpp: 4.6.7 (/home/syfra/ros2_jazzy/install/rosidl_generator_cpp/share/rosidl_generator_cpp/cmake)
-- Using all available rosidl_typesupport_c: rosidl_typesupport_introspection_c;rosidl_typesupport_fastrtps_c
-- Using all available rosidl_typesupport_cpp: rosidl_typesupport_introspection_cpp;rosidl_typesupport_fastrtps_cpp
-- Found rmw_implementation_cmake: 7.3.3 (/home/syfra/ros2_jazzy/install/rmw_implementation_cmake/share/rmw_implementation_cmake/cmake)
-- Found rmw_fastrtps_cpp: 8.4.3 (/home/syfra/ros2_jazzy/install/rmw_fastrtps_cpp/share/rmw_fastrtps_cpp/cmake)
-- Found OpenSSL: /usr/lib/x86_64-linux-gnu/libcrypto.so (found version "3.0.13")  
-- Found FastRTPS: /home/syfra/ros2_jazzy/install/fastrtps/include (Required is at least version "2.13") 
-- Using RMW implementation 'rmw_fastrtps_cpp' as default
-- Found rclcpp_components: 28.1.18 (/home/syfra/ros2_jazzy/install/rclcpp_components/share/rclcpp_components/cmake)
-- Found rosbag2_cpp: 0.26.10 (/home/syfra/ros2_jazzy/install/rosbag2_cpp/share/rosbag2_cpp/cmake)
-- Setting yaml-cpp_DIR to: '/home/syfra/ros2_jazzy/install/yaml_cpp_vendor/share/yaml_cpp_vendor/cmake/../../../opt/yaml_cpp_vendor/share/cmake/yaml-cpp'
-- Found rosidl_default_generators: 1.6.0 (/home/syfra/ros2_jazzy/install/rosidl_default_generators/share/rosidl_default_generators/cmake)
-- Found rosidl_adapter: 4.6.7 (/home/syfra/ros2_jazzy/install/rosidl_adapter/share/rosidl_adapter/cmake)
-- Found zstd_vendor: 0.26.10 (/home/syfra/ros2_jazzy/install/zstd_vendor/share/zstd_vendor/cmake)
-- Found zstd: /usr/lib/x86_64-linux-gnu/libzstd.so (found version "1.5.5") 
-- Found ament_cmake_ros: 0.12.0 (/home/syfra/ros2_jazzy/install/ament_cmake_ros/share/ament_cmake_ros/cmake)
-- Using all available rosidl_typesupport_c: rosidl_typesupport_introspection_c;rosidl_typesupport_fastrtps_c
-- Using all available rosidl_typesupport_cpp: rosidl_typesupport_introspection_cpp;rosidl_typesupport_fastrtps_cpp
-- Found python_cmake_module: 0.11.1 (/home/syfra/ros2_jazzy/install/python_cmake_module/share/python_cmake_module/cmake)
-- Found PythonExtra: /usr/bin/python3  
-- Found Python3: /usr/bin/python3 (found version "3.12.3") found components: Interpreter Development NumPy Development.Module Development.Embed 
-- Found Python3: /usr/bin/python3 (found version "3.12.3") found components: Interpreter 
-- Loaded RTI Connext DDS environment:
-- - RTI Connext DDS Professional:
--   - Found: false
--   - Version: 
--   - Directory: 
--   - Architecture: 
-- - RTI Connext DDS Micro:
--   - Found: false
--   - Version: 
--   - Directory: 
--   - Architecture: 
-- no CONNEXTDDS_DIR nor NDDSHOME specified
-- Invalid CONNEXTDDS_DIR = ''
-- Found ament_lint_auto: 0.17.5 (/home/syfra/ros2_jazzy/install/ament_lint_auto/share/ament_lint_auto/cmake)
-- Found test_msgs: 2.0.3 (/home/syfra/ros2_jazzy/install/test_msgs/share/test_msgs/cmake)
-- Found gmock sources under '/home/syfra/ros2_jazzy/install/gmock_vendor/src/gmock_vendor': C++ tests using 'Google Mock' will be built
-- Found gtest sources under '/home/syfra/ros2_jazzy/install/gtest_vendor/src/gtest_vendor': C++ tests using 'Google Test' will be built
-- Found TinyXML2 via Config file: /usr/lib/x86_64-linux-gnu/cmake/tinyxml2
-- Found TinyXML2 via Config file: /usr/lib/x86_64-linux-gnu/cmake/tinyxml2
-- Added test 'copyright' to check source files copyright and LICENSE
-- Added test 'cppcheck' to perform static code analysis on C / C++ code
-- Configured cppcheck include dirs: $<BUILD_INTERFACE:/home/syfra/Hybridation_Anis/c-its/domain_bridge_jazzy/src/include>
-- Configured cppcheck exclude dirs and/or files: 
-- Added test 'cpplint' to check C / C++ code against the Google style
-- Configured cpplint exclude dirs and/or files: 
-- Added test 'flake8' to check Python code syntax and style conventions
-- Configured 'flake8' exclude dirs and/or files: 
-- Added test 'lint_cmake' to check CMake code style
-- Added test 'pep257' to check Python code against some of the docstring style conventions in PEP 257
-- Added test 'uncrustify' to check C / C++ code style
-- Configured uncrustify additional arguments: 
-- Added test 'xmllint' to check XML markup files
-- Configuring done (7.5s)
-- Generating done (0.1s)
-- Build files have been written to: /home/syfra/Hybridation_Anis/c-its/domain_bridge_jazzy/build/domain_bridge
[  1%] [34m[1mGenerating Rust code for ROS interfaces[0m
[  2%] [32mBuilding CXX object gmock/CMakeFiles/gmock_main.dir/src/gmock_main.cc.o[0m
[  3%] [34m[1mGenerating type hashes for ROS interfaces[0m
[  5%] [32mBuilding CXX object CMakeFiles/test_component.dir/rclcpp_components/node_main_test_component.cpp.o[0m
[  7%] [32mBuilding CXX object CMakeFiles/domain_bridge_test_component_lib.dir/test/domain_bridge/test_component.cpp.o[0m
[  7%] [32mBuilding CXX object gmock/CMakeFiles/gmock.dir/home/syfra/ros2_jazzy/install/gtest_vendor/src/gtest_vendor/src/gtest-all.cc.o[0m
[  9%] [32mBuilding CXX object gmock/CMakeFiles/gmock.dir/src/gmock-all.cc.o[0m
[  9%] Built target ament_cmake_python_copy_domain_bridge
[  9%] Built target domain_bridge__rosidl_generator_type_description
[ 10%] [34m[1mGenerating C code for ROS interfaces[0m
[ 10%] Built target domain_bridge__rs
[ 11%] [34m[1mGenerating C++ code for ROS interfaces[0m
running egg_info
creating domain_bridge.egg-info
writing domain_bridge.egg-info/PKG-INFO
writing dependency_links to domain_bridge.egg-info/dependency_links.txt
writing top-level names to domain_bridge.egg-info/top_level.txt
writing manifest file 'domain_bridge.egg-info/SOURCES.txt'
reading manifest file 'domain_bridge.egg-info/SOURCES.txt'
writing manifest file 'domain_bridge.egg-info/SOURCES.txt'
[ 11%] Built target ament_cmake_python_build_domain_bridge_egg
[ 11%] Built target domain_bridge__cpp
[ 12%] [32mBuilding C object CMakeFiles/domain_bridge__rosidl_generator_c.dir/rosidl_generator_c/domain_bridge/msg/detail/compressed_msg__functions.c.o[0m
[ 14%] [32mBuilding C object CMakeFiles/domain_bridge__rosidl_generator_c.dir/rosidl_generator_c/domain_bridge/msg/detail/compressed_msg__type_support.c.o[0m
[ 15%] [32mBuilding C object CMakeFiles/domain_bridge__rosidl_generator_c.dir/rosidl_generator_c/domain_bridge/msg/detail/compressed_msg__description.c.o[0m
[ 16%] [32m[1mLinking C shared library libdomain_bridge__rosidl_generator_c.so[0m
[ 16%] Built target domain_bridge__rosidl_generator_c
[ 20%] [34m[1mGenerating C type support dispatch for ROS interfaces[0m
[ 20%] [34m[1mGenerating C introspection for ROS interfaces[0m
[ 20%] [34m[1mGenerating C++ type support for eProsima Fast-RTPS[0m
[ 22%] [34m[1mGenerating C++ type support dispatch for ROS interfaces[0m
[ 23%] [34m[1mGenerating C type support for eProsima Fast-RTPS[0m
[ 24%] [34m[1mGenerating C++ introspection for ROS interfaces[0m
[ 25%] [32m[1mLinking CXX static library libgmock_main.a[0m
[ 27%] [32mBuilding CXX object CMakeFiles/domain_bridge__rosidl_typesupport_cpp.dir/rosidl_typesupport_cpp/domain_bridge/msg/compressed_msg__type_support.cpp.o[0m
[ 28%] [32mBuilding CXX object CMakeFiles/domain_bridge__rosidl_typesupport_c.dir/rosidl_typesupport_c/domain_bridge/msg/compressed_msg__type_support.cpp.o[0m
[ 29%] [32mBuilding CXX object CMakeFiles/domain_bridge__rosidl_typesupport_introspection_cpp.dir/rosidl_typesupport_introspection_cpp/domain_bridge/msg/detail/compressed_msg__type_support.cpp.o[0m
[ 29%] Built target gmock_main
[ 31%] [32mBuilding CXX object CMakeFiles/domain_bridge__rosidl_typesupport_fastrtps_cpp.dir/rosidl_typesupport_fastrtps_cpp/domain_bridge/msg/detail/dds_fastrtps/compressed_msg__type_support.cpp.o[0m
[ 32%] [32mBuilding C object CMakeFiles/domain_bridge__rosidl_typesupport_introspection_c.dir/rosidl_typesupport_introspection_c/domain_bridge/msg/detail/compressed_msg__type_support.c.o[0m
[ 33%] [32mBuilding CXX object CMakeFiles/domain_bridge__rosidl_typesupport_fastrtps_c.dir/rosidl_typesupport_fastrtps_c/domain_bridge/msg/detail/compressed_msg__type_support_c.cpp.o[0m
[ 35%] [32m[1mLinking CXX shared library libdomain_bridge__rosidl_typesupport_c.so[0m
[ 36%] [32m[1mLinking C shared library libdomain_bridge__rosidl_typesupport_introspection_c.so[0m
[ 36%] Built target domain_bridge__rosidl_typesupport_c
[ 36%] Built target domain_bridge__rosidl_typesupport_introspection_c
[ 37%] [32m[1mLinking CXX shared library libdomain_bridge__rosidl_typesupport_cpp.so[0m
[ 38%] [32m[1mLinking CXX shared library libdomain_bridge__rosidl_typesupport_introspection_cpp.so[0m
[ 38%] Built target domain_bridge__rosidl_typesupport_cpp
[ 44%] [32mBuilding CXX object CMakeFiles/domain_bridge_lib.dir/src/domain_bridge/component_manager.cpp.o[0m
[ 44%] [32mBuilding CXX object CMakeFiles/domain_bridge_lib.dir/src/domain_bridge/domain_bridge.cpp.o[0m
[ 44%] [32mBuilding CXX object CMakeFiles/domain_bridge_lib.dir/src/domain_bridge/parse_domain_bridge_yaml_config.cpp.o[0m
[ 44%] [32mBuilding CXX object CMakeFiles/domain_bridge_lib.dir/src/domain_bridge/compress_messages.cpp.o[0m
[ 45%] [32mBuilding CXX object CMakeFiles/domain_bridge_lib.dir/src/domain_bridge/domain_bridge_options.cpp.o[0m
[ 46%] [32mBuilding CXX object CMakeFiles/domain_bridge_lib.dir/src/domain_bridge/topic_bridge_options.cpp.o[0m
[ 48%] [32mBuilding CXX object CMakeFiles/domain_bridge_lib.dir/src/domain_bridge/service_bridge_options.cpp.o[0m
[ 49%] [32mBuilding CXX object CMakeFiles/domain_bridge_lib.dir/src/domain_bridge/qos_options.cpp.o[0m
[ 49%] Built target domain_bridge__rosidl_typesupport_introspection_cpp
[ 50%] [32m[1mLinking CXX shared library libdomain_bridge__rosidl_typesupport_fastrtps_c.so[0m
[ 51%] [32m[1mLinking CXX shared library libdomain_bridge__rosidl_typesupport_fastrtps_cpp.so[0m
[ 51%] Built target domain_bridge__rosidl_typesupport_fastrtps_c
[ 51%] Built target domain_bridge__rosidl_typesupport_fastrtps_cpp
[ 51%] Built target domain_bridge
[ 53%] [34m[1mGenerating Python code for ROS interfaces[0m
[ 53%] Built target domain_bridge__py
[ 54%] [32mBuilding C object CMakeFiles/domain_bridge__rosidl_generator_py.dir/rosidl_generator_py/domain_bridge/msg/_compressed_msg_s.c.o[0m
[ 55%] [32m[1mLinking C shared library libdomain_bridge__rosidl_generator_py.so[0m
[ 55%] Built target domain_bridge__rosidl_generator_py
[ 57%] [32mBuilding C object CMakeFiles/domain_bridge_s__rosidl_typesupport_introspection_c.dir/rosidl_generator_py/domain_bridge/_domain_bridge_s.ep.rosidl_typesupport_introspection_c.c.o[0m
[ 58%] [32mBuilding C object CMakeFiles/domain_bridge_s__rosidl_typesupport_c.dir/rosidl_generator_py/domain_bridge/_domain_bridge_s.ep.rosidl_typesupport_c.c.o[0m
[ 59%] [32mBuilding C object CMakeFiles/domain_bridge_s__rosidl_typesupport_fastrtps_c.dir/rosidl_generator_py/domain_bridge/_domain_bridge_s.ep.rosidl_typesupport_fastrtps_c.c.o[0m
[ 62%] [32m[1mLinking C shared module rosidl_generator_py/domain_bridge/domain_bridge_s__rosidl_typesupport_c.so[0m
[ 62%] [32m[1mLinking C shared module rosidl_generator_py/domain_bridge/domain_bridge_s__rosidl_typesupport_introspection_c.so[0m
[ 63%] [32m[1mLinking C shared module rosidl_generator_py/domain_bridge/domain_bridge_s__rosidl_typesupport_fastrtps_c.so[0m
[ 63%] Built target domain_bridge_s__rosidl_typesupport_c
[ 63%] Built target domain_bridge_s__rosidl_typesupport_introspection_c
[ 63%] Built target domain_bridge_s__rosidl_typesupport_fastrtps_c
[ 64%] [32m[1mLinking CXX executable test_component[0m
[ 64%] Built target test_component
[ 66%] [32m[1mLinking CXX shared library libdomain_bridge_test_component_lib.so[0m
[ 66%] Built target domain_bridge_test_component_lib
[ 67%] [32m[1mLinking CXX static library libgmock.a[0m
[ 67%] Built target gmock
[ 68%] [32m[1mLinking CXX shared library libdomain_bridge.so[0m
[ 68%] Built target domain_bridge_lib
[ 70%] [32mBuilding CXX object CMakeFiles/domain_bridge_exec.dir/src/domain_bridge.cpp.o[0m
[ 71%] [32mBuilding CXX object test/CMakeFiles/test_domain_bridge_end_to_end__rmw_fastrtps_cpp.dir/domain_bridge/test_domain_bridge_end_to_end.cpp.o[0m
[ 72%] [32mBuilding CXX object test/CMakeFiles/test_qos_matching__rmw_cyclonedds_cpp.dir/domain_bridge/test_qos_matching.cpp.o[0m
[ 75%] [32mBuilding CXX object test/CMakeFiles/test_domain_bridge_end_to_end__rmw_cyclonedds_cpp.dir/domain_bridge/test_domain_bridge_end_to_end.cpp.o[0m
[ 75%] [32mBuilding CXX object test/CMakeFiles/test_domain_bridge_end_to_end__rmw_fastrtps_dynamic_cpp.dir/domain_bridge/test_domain_bridge_end_to_end.cpp.o[0m
[ 76%] [32mBuilding CXX object test/CMakeFiles/test_qos_matching__rmw_fastrtps_dynamic_cpp.dir/domain_bridge/test_qos_matching.cpp.o[0m
[ 79%] [32mBuilding CXX object test/CMakeFiles/test_domain_bridge.dir/domain_bridge/test_domain_bridge.cpp.o[0m
[ 79%] [32mBuilding CXX object test/CMakeFiles/test_domain_bridge_services__rmw_cyclonedds_cpp.dir/domain_bridge/test_domain_bridge_services.cpp.o[0m
[ 80%] [32mBuilding CXX object test/CMakeFiles/test_domain_bridge_services__rmw_fastrtps_cpp.dir/domain_bridge/test_domain_bridge_services.cpp.o[0m
[ 81%] [32mBuilding CXX object test/CMakeFiles/test_parse_domain_bridge_yaml_config.dir/domain_bridge/test_parse_domain_bridge_yaml_config.cpp.o[0m
[ 83%] [32mBuilding CXX object test/CMakeFiles/test_domain_bridge_services__rmw_fastrtps_dynamic_cpp.dir/domain_bridge/test_domain_bridge_services.cpp.o[0m
[ 84%] [32mBuilding CXX object test/CMakeFiles/test_qos_matching__rmw_fastrtps_cpp.dir/domain_bridge/test_qos_matching.cpp.o[0m
[ 85%] [32m[1mLinking CXX executable test_parse_domain_bridge_yaml_config[0m
[ 85%] Built target test_parse_domain_bridge_yaml_config
[ 87%] [32m[1mLinking CXX executable domain_bridge[0m
[ 87%] Built target domain_bridge_exec
[ 88%] [32m[1mLinking CXX executable test_domain_bridge[0m
[ 88%] Built target test_domain_bridge
[ 89%] [32m[1mLinking CXX executable test_domain_bridge_services__rmw_fastrtps_cpp[0m
[ 90%] [32m[1mLinking CXX executable test_domain_bridge_services__rmw_fastrtps_dynamic_cpp[0m
[ 92%] [32m[1mLinking CXX executable test_qos_matching__rmw_fastrtps_cpp[0m
[ 93%] [32m[1mLinking CXX executable test_domain_bridge_services__rmw_cyclonedds_cpp[0m
[ 94%] [32m[1mLinking CXX executable test_qos_matching__rmw_fastrtps_dynamic_cpp[0m
[ 96%] [32m[1mLinking CXX executable test_qos_matching__rmw_cyclonedds_cpp[0m
[ 96%] Built target test_domain_bridge_services__rmw_fastrtps_cpp
[ 96%] Built target test_domain_bridge_services__rmw_fastrtps_dynamic_cpp
[ 96%] Built target test_domain_bridge_services__rmw_cyclonedds_cpp
[ 96%] Built target test_qos_matching__rmw_fastrtps_dynamic_cpp
[ 96%] Built target test_qos_matching__rmw_fastrtps_cpp
[ 96%] Built target test_qos_matching__rmw_cyclonedds_cpp
[ 97%] [32m[1mLinking CXX executable test_domain_bridge_end_to_end__rmw_fastrtps_dynamic_cpp[0m
[ 98%] [32m[1mLinking CXX executable test_domain_bridge_end_to_end__rmw_cyclonedds_cpp[0m
[100%] [32m[1mLinking CXX executable test_domain_bridge_end_to_end__rmw_fastrtps_cpp[0m
[100%] Built target test_domain_bridge_end_to_end__rmw_fastrtps_dynamic_cpp
[100%] Built target test_domain_bridge_end_to_end__rmw_cyclonedds_cpp
[100%] Built target test_domain_bridge_end_to_end__rmw_fastrtps_cpp
-- Install configuration: "Release"
-- Installing: /home/syfra/Hybridation_Anis/c-its/domain_bridge_jazzy/install/domain_bridge/share/ament_index/resource_index/rosidl_interfaces/domain_bridge
-- Installing: /home/syfra/Hybridation_Anis/c-its/domain_bridge_jazzy/install/domain_bridge/share/domain_bridge/msg/CompressedMsg.json
-- Installing: /home/syfra/Hybridation_Anis/c-its/domain_bridge_jazzy/install/domain_bridge/include/domain_bridge/domain_bridge
-- Installing: /home/syfra/Hybridation_Anis/c-its/domain_bridge_jazzy/install/domain_bridge/include/domain_bridge/domain_bridge/msg
-- Installing: /home/syfra/Hybridation_Anis/c-its/domain_bridge_jazzy/install/domain_bridge/include/domain_bridge/domain_bridge/msg/detail
-- Installing: /home/syfra/Hybridation_Anis/c-its/domain_bridge_jazzy/install/domain_bridge/include/domain_bridge/domain_bridge/msg/detail/compressed_msg__functions.h
-- Installing: /home/syfra/Hybridation_Anis/c-its/domain_bridge_jazzy/install/domain_bridge/include/domain_bridge/domain_bridge/msg/detail/compressed_msg__description.c
-- Installing: /home/syfra/Hybridation_Anis/c-its/domain_bridge_jazzy/install/domain_bridge/include/domain_bridge/domain_bridge/msg/detail/compressed_msg__functions.c
-- Installing: /home/syfra/Hybridation_Anis/c-its/domain_bridge_jazzy/install/domain_bridge/include/domain_bridge/domain_bridge/msg/detail/compressed_msg__type_support.h
-- Installing: /home/syfra/Hybridation_Anis/c-its/domain_bridge_jazzy/install/domain_bridge/include/domain_bridge/domain_bridge/msg/detail/compressed_msg__type_support.c
-- Installing: /home/syfra/Hybridation_Anis/c-its/domain_bridge_jazzy/install/domain_bridge/include/domain_bridge/domain_bridge/msg/detail/compressed_msg__struct.h
-- Installing: /home/syfra/Hybridation_Anis/c-its/domain_bridge_jazzy/install/domain_bridge/include/domain_bridge/domain_bridge/msg/compressed_msg.h
-- Installing: /home/syfra/Hybridation_Anis/c-its/domain_bridge_jazzy/install/domain_bridge/include/domain_bridge/domain_bridge/msg/rosidl_generator_c__visibility_control.h
-- Installing: /home/syfra/Hybridation_Anis/c-its/domain_bridge_jazzy/install/domain_bridge/share/domain_bridge/environment/library_path.sh
-- Installing: /home/syfra/Hybridation_Anis/c-its/domain_bridge_jazzy/install/domain_bridge/share/domain_bridge/environment/library_path.dsv
-- Installing: /home/syfra/Hybridation_Anis/c-its/domain_bridge_jazzy/install/domain_bridge/lib/libdomain_bridge__rosidl_generator_c.so
-- Set non-toolchain portion of runtime path of "/home/syfra/Hybridation_Anis/c-its/domain_bridge_jazzy/install/domain_bridge/lib/libdomain_bridge__rosidl_generator_c.so" to ""
-- Up-to-date: /home/syfra/Hybridation_Anis/c-its/domain_bridge_jazzy/install/domain_bridge/include/domain_bridge/domain_bridge
-- Up-to-date: /home/syfra/Hybridation_Anis/c-its/domain_bridge_jazzy/install/domain_bridge/include/domain_bridge/domain_bridge/msg
-- Up-to-date: /home/syfra/Hybridation_Anis/c-its/domain_bridge_jazzy/install/domain_bridge/include/domain_bridge/domain_bridge/msg/detail
-- Installing: /home/syfra/Hybridation_Anis/c-its/domain_bridge_jazzy/install/domain_bridge/include/domain_bridge/domain_bridge/msg/detail/compressed_msg__rosidl_typesupport_fastrtps_c.h
-- Installing: /home/syfra/Hybridation_Anis/c-its/domain_bridge_jazzy/install/domain_bridge/include/domain_bridge/domain_bridge/msg/rosidl_typesupport_fastrtps_c__visibility_control.h
-- Installing: /home/syfra/Hybridation_Anis/c-its/domain_bridge_jazzy/install/domain_bridge/lib/libdomain_bridge__rosidl_typesupport_fastrtps_c.so
-- Set non-toolchain portion of runtime path of "/home/syfra/Hybridation_Anis/c-its/domain_bridge_jazzy/install/domain_bridge/lib/libdomain_bridge__rosidl_typesupport_fastrtps_c.so" to ""
-- Up-to-date: /home/syfra/Hybridation_Anis/c-its/domain_bridge_jazzy/install/domain_bridge/include/domain_bridge/domain_bridge
-- Up-to-date: /home/syfra/Hybridation_Anis/c-its/domain_bridge_jazzy/install/domain_bridge/include/domain_bridge/domain_bridge/msg
-- Installing: /home/syfra/Hybridation_Anis/c-its/domain_bridge_jazzy/install/domain_bridge/include/domain_bridge/domain_bridge/msg/compressed_msg.hpp
-- Installing: /home/syfra/Hybridation_Anis/c-its/domain_bridge_jazzy/install/domain_bridge/include/domain_bridge/domain_bridge/msg/rosidl_generator_cpp__visibility_control.hpp
-- Up-to-date: /home/syfra/Hybridation_Anis/c-its/domain_bridge_jazzy/install/domain_bridge/include/domain_bridge/domain_bridge/msg/detail
-- Installing: /home/syfra/Hybridation_Anis/c-its/domain_bridge_jazzy/install/domain_bridge/include/domain_bridge/domain_bridge/msg/detail/compressed_msg__type_support.hpp
-- Installing: /home/syfra/Hybridation_Anis/c-its/domain_bridge_jazzy/install/domain_bridge/include/domain_bridge/domain_bridge/msg/detail/compressed_msg__traits.hpp
-- Installing: /home/syfra/Hybridation_Anis/c-its/domain_bridge_jazzy/install/domain_bridge/include/domain_bridge/domain_bridge/msg/detail/compressed_msg__builder.hpp
-- Installing: /home/syfra/Hybridation_Anis/c-its/domain_bridge_jazzy/install/domain_bridge/include/domain_bridge/domain_bridge/msg/detail/compressed_msg__struct.hpp
-- Up-to-date: /home/syfra/Hybridation_Anis/c-its/domain_bridge_jazzy/install/domain_bridge/include/domain_bridge/domain_bridge
-- Up-to-date: /home/syfra/Hybridation_Anis/c-its/domain_bridge_jazzy/install/domain_bridge/include/domain_bridge/domain_bridge/msg
-- Up-to-date: /home/syfra/Hybridation_Anis/c-its/domain_bridge_jazzy/install/domain_bridge/include/domain_bridge/domain_bridge/msg/detail
-- Installing: /home/syfra/Hybridation_Anis/c-its/domain_bridge_jazzy/install/domain_bridge/include/domain_bridge/domain_bridge/msg/detail/compressed_msg__rosidl_typesupport_fastrtps_cpp.hpp
-- Installing: /home/syfra/Hybridation_Anis/c-its/domain_bridge_jazzy/install/domain_bridge/include/domain_bridge/domain_bridge/msg/detail/dds_fastrtps
-- Installing: /home/syfra/Hybridation_Anis/c-its/domain_bridge_jazzy/install/domain_bridge/include/domain_bridge/domain_bridge/msg/rosidl_typesupport_fastrtps_cpp__visibility_control.h
-- Installing: /home/syfra/Hybridation_Anis/c-its/domain_bridge_jazzy/install/domain_bridge/lib/libdomain_bridge__rosidl_typesupport_fastrtps_cpp.so
-- Set non-toolchain portion of runtime path of "/home/syfra/Hybridation_Anis/c-its/domain_bridge_jazzy/install/domain_bridge/lib/libdomain_bridge__rosidl_typesupport_fastrtps_cpp.so" to ""
-- Up-to-date: /home/syfra/Hybridation_Anis/c-its/domain_bridge_jazzy/install/domain_bridge/include/domain_bridge/domain_bridge
-- Up-to-date: /home/syfra/Hybridation_Anis/c-its/domain_bridge_jazzy/install/domain_bridge/include/domain_bridge/domain_bridge/msg
-- Up-to-date: /home/syfra/Hybridation_Anis/c-its/domain_bridge_jazzy/install/domain_bridge/include/domain_bridge/domain_bridge/msg/detail
-- Up-to-date: /home/syfra/Hybridation_Anis/c-its/domain_bridge_jazzy/install/domain_bridge/include/domain_bridge/domain_bridge/msg/detail/compressed_msg__type_support.c
-- Installing: /home/syfra/Hybridation_Anis/c-its/domain_bridge_jazzy/install/domain_bridge/include/domain_bridge/domain_bridge/msg/detail/compressed_msg__rosidl_typesupport_introspection_c.h
-- Installing: /home/syfra/Hybridation_Anis/c-its/domain_bridge_jazzy/install/domain_bridge/include/domain_bridge/domain_bridge/msg/rosidl_typesupport_introspection_c__visibility_control.h
-- Installing: /home/syfra/Hybridation_Anis/c-its/domain_bridge_jazzy/install/domain_bridge/lib/libdomain_bridge__rosidl_typesupport_introspection_c.so
-- Set non-toolchain portion of runtime path of "/home/syfra/Hybridation_Anis/c-its/domain_bridge_jazzy/install/domain_bridge/lib/libdomain_bridge__rosidl_typesupport_introspection_c.so" to ""
-- Installing: /home/syfra/Hybridation_Anis/c-its/domain_bridge_jazzy/install/domain_bridge/lib/libdomain_bridge__rosidl_typesupport_c.so
-- Set non-toolchain portion of runtime path of "/home/syfra/Hybridation_Anis/c-its/domain_bridge_jazzy/install/domain_bridge/lib/libdomain_bridge__rosidl_typesupport_c.so" to ""
-- Up-to-date: /home/syfra/Hybridation_Anis/c-its/domain_bridge_jazzy/install/domain_bridge/include/domain_bridge/domain_bridge
-- Up-to-date: /home/syfra/Hybridation_Anis/c-its/domain_bridge_jazzy/install/domain_bridge/include/domain_bridge/domain_bridge/msg
-- Up-to-date: /home/syfra/Hybridation_Anis/c-its/domain_bridge_jazzy/install/domain_bridge/include/domain_bridge/domain_bridge/msg/detail
-- Installing: /home/syfra/Hybridation_Anis/c-its/domain_bridge_jazzy/install/domain_bridge/include/domain_bridge/domain_bridge/msg/detail/compressed_msg__rosidl_typesupport_introspection_cpp.hpp
-- Installing: /home/syfra/Hybridation_Anis/c-its/domain_bridge_jazzy/install/domain_bridge/include/domain_bridge/domain_bridge/msg/detail/compressed_msg__type_support.cpp
-- Installing: /home/syfra/Hybridation_Anis/c-its/domain_bridge_jazzy/install/domain_bridge/lib/libdomain_bridge__rosidl_typesupport_introspection_cpp.so
-- Set non-toolchain portion of runtime path of "/home/syfra/Hybridation_Anis/c-its/domain_bridge_jazzy/install/domain_bridge/lib/libdomain_bridge__rosidl_typesupport_introspection_cpp.so" to ""
-- Installing: /home/syfra/Hybridation_Anis/c-its/domain_bridge_jazzy/install/domain_bridge/lib/libdomain_bridge__rosidl_typesupport_cpp.so
-- Set non-toolchain portion of runtime path of "/home/syfra/Hybridation_Anis/c-its/domain_bridge_jazzy/install/domain_bridge/lib/libdomain_bridge__rosidl_typesupport_cpp.so" to ""
-- Installing: /home/syfra/Hybridation_Anis/c-its/domain_bridge_jazzy/install/domain_bridge/share/domain_bridge/environment/pythonpath.sh
-- Installing: /home/syfra/Hybridation_Anis/c-its/domain_bridge_jazzy/install/domain_bridge/share/domain_bridge/environment/pythonpath.dsv
-- Installing: /home/syfra/Hybridation_Anis/c-its/domain_bridge_jazzy/install/domain_bridge/lib/python3.12/site-packages/domain_bridge-0.5.0-py3.12.egg-info
-- Installing: /home/syfra/Hybridation_Anis/c-its/domain_bridge_jazzy/install/domain_bridge/lib/python3.12/site-packages/domain_bridge-0.5.0-py3.12.egg-info/top_level.txt
-- Installing: /home/syfra/Hybridation_Anis/c-its/domain_bridge_jazzy/install/domain_bridge/lib/python3.12/site-packages/domain_bridge-0.5.0-py3.12.egg-info/SOURCES.txt
-- Installing: /home/syfra/Hybridation_Anis/c-its/domain_bridge_jazzy/install/domain_bridge/lib/python3.12/site-packages/domain_bridge-0.5.0-py3.12.egg-info/PKG-INFO
-- Installing: /home/syfra/Hybridation_Anis/c-its/domain_bridge_jazzy/install/domain_bridge/lib/python3.12/site-packages/domain_bridge-0.5.0-py3.12.egg-info/dependency_links.txt
-- Installing: /home/syfra/Hybridation_Anis/c-its/domain_bridge_jazzy/install/domain_bridge/lib/python3.12/site-packages/domain_bridge
-- Installing: /home/syfra/Hybridation_Anis/c-its/domain_bridge_jazzy/install/domain_bridge/lib/python3.12/site-packages/domain_bridge/domain_bridge_s__rosidl_typesupport_introspection_c.so
-- Installing: /home/syfra/Hybridation_Anis/c-its/domain_bridge_jazzy/install/domain_bridge/lib/python3.12/site-packages/domain_bridge/_domain_bridge_s.ep.rosidl_typesupport_introspection_c.c
-- Installing: /home/syfra/Hybridation_Anis/c-its/domain_bridge_jazzy/install/domain_bridge/lib/python3.12/site-packages/domain_bridge/_domain_bridge_s.ep.rosidl_typesupport_fastrtps_c.c
-- Installing: /home/syfra/Hybridation_Anis/c-its/domain_bridge_jazzy/install/domain_bridge/lib/python3.12/site-packages/domain_bridge/__init__.py
-- Installing: /home/syfra/Hybridation_Anis/c-its/domain_bridge_jazzy/install/domain_bridge/lib/python3.12/site-packages/domain_bridge/msg
-- Installing: /home/syfra/Hybridation_Anis/c-its/domain_bridge_jazzy/install/domain_bridge/lib/python3.12/site-packages/domain_bridge/msg/_compressed_msg.py
-- Installing: /home/syfra/Hybridation_Anis/c-its/domain_bridge_jazzy/install/domain_bridge/lib/python3.12/site-packages/domain_bridge/msg/__init__.py
-- Installing: /home/syfra/Hybridation_Anis/c-its/domain_bridge_jazzy/install/domain_bridge/lib/python3.12/site-packages/domain_bridge/msg/_compressed_msg_s.c
-- Installing: /home/syfra/Hybridation_Anis/c-its/domain_bridge_jazzy/install/domain_bridge/lib/python3.12/site-packages/domain_bridge/domain_bridge_s__rosidl_typesupport_c.so
-- Installing: /home/syfra/Hybridation_Anis/c-its/domain_bridge_jazzy/install/domain_bridge/lib/python3.12/site-packages/domain_bridge/domain_bridge_s__rosidl_typesupport_fastrtps_c.so
-- Installing: /home/syfra/Hybridation_Anis/c-its/domain_bridge_jazzy/install/domain_bridge/lib/python3.12/site-packages/domain_bridge/_domain_bridge_s.ep.rosidl_typesupport_c.c
Listing '/home/syfra/Hybridation_Anis/c-its/domain_bridge_jazzy/install/domain_bridge/lib/python3.12/site-packages/domain_bridge'...
Compiling '/home/syfra/Hybridation_Anis/c-its/domain_bridge_jazzy/install/domain_bridge/lib/python3.12/site-packages/domain_bridge/__init__.py'...
Listing '/home/syfra/Hybridation_Anis/c-its/domain_bridge_jazzy/install/domain_bridge/lib/python3.12/site-packages/domain_bridge/msg'...
Compiling '/home/syfra/Hybridation_Anis/c-its/domain_bridge_jazzy/install/domain_bridge/lib/python3.12/site-packages/domain_bridge/msg/__init__.py'...
Compiling '/home/syfra/Hybridation_Anis/c-its/domain_bridge_jazzy/install/domain_bridge/lib/python3.12/site-packages/domain_bridge/msg/_compressed_msg.py'...
-- Installing: /home/syfra/Hybridation_Anis/c-its/domain_bridge_jazzy/install/domain_bridge/lib/python3.12/site-packages/domain_bridge/domain_bridge_s__rosidl_typesupport_introspection_c.so
-- Set non-toolchain portion of runtime path of "/home/syfra/Hybridation_Anis/c-its/domain_bridge_jazzy/install/domain_bridge/lib/python3.12/site-packages/domain_bridge/domain_bridge_s__rosidl_typesupport_introspection_c.so" to ""
-- Installing: /home/syfra/Hybridation_Anis/c-its/domain_bridge_jazzy/install/domain_bridge/lib/python3.12/site-packages/domain_bridge/domain_bridge_s__rosidl_typesupport_fastrtps_c.so
-- Set non-toolchain portion of runtime path of "/home/syfra/Hybridation_Anis/c-its/domain_bridge_jazzy/install/domain_bridge/lib/python3.12/site-packages/domain_bridge/domain_bridge_s__rosidl_typesupport_fastrtps_c.so" to ""
-- Installing: /home/syfra/Hybridation_Anis/c-its/domain_bridge_jazzy/install/domain_bridge/lib/python3.12/site-packages/domain_bridge/domain_bridge_s__rosidl_typesupport_c.so
-- Set non-toolchain portion of runtime path of "/home/syfra/Hybridation_Anis/c-its/domain_bridge_jazzy/install/domain_bridge/lib/python3.12/site-packages/domain_bridge/domain_bridge_s__rosidl_typesupport_c.so" to ""
-- Installing: /home/syfra/Hybridation_Anis/c-its/domain_bridge_jazzy/install/domain_bridge/lib/libdomain_bridge__rosidl_generator_py.so
-- Set non-toolchain portion of runtime path of "/home/syfra/Hybridation_Anis/c-its/domain_bridge_jazzy/install/domain_bridge/lib/libdomain_bridge__rosidl_generator_py.so" to ""
-- Installing: /home/syfra/Hybridation_Anis/c-its/domain_bridge_jazzy/install/domain_bridge/share/ament_index/resource_index/rust_packages/domain_bridge
-- Installing: /home/syfra/Hybridation_Anis/c-its/domain_bridge_jazzy/install/domain_bridge/share/domain_bridge/rust
-- Installing: /home/syfra/Hybridation_Anis/c-its/domain_bridge_jazzy/install/domain_bridge/share/domain_bridge/rust/Cargo.toml
-- Installing: /home/syfra/Hybridation_Anis/c-its/domain_bridge_jazzy/install/domain_bridge/share/domain_bridge/rust/build.rs
-- Installing: /home/syfra/Hybridation_Anis/c-its/domain_bridge_jazzy/install/domain_bridge/share/domain_bridge/rust/src
-- Installing: /home/syfra/Hybridation_Anis/c-its/domain_bridge_jazzy/install/domain_bridge/share/domain_bridge/rust/src/msg
-- Installing: /home/syfra/Hybridation_Anis/c-its/domain_bridge_jazzy/install/domain_bridge/share/domain_bridge/rust/src/msg/rmw.rs
-- Installing: /home/syfra/Hybridation_Anis/c-its/domain_bridge_jazzy/install/domain_bridge/share/domain_bridge/rust/src/msg.rs
-- Installing: /home/syfra/Hybridation_Anis/c-its/domain_bridge_jazzy/install/domain_bridge/share/domain_bridge/rust/src/lib.rs
-- Installing: /home/syfra/Hybridation_Anis/c-its/domain_bridge_jazzy/install/domain_bridge/share/domain_bridge/msg/CompressedMsg.idl
-- Installing: /home/syfra/Hybridation_Anis/c-its/domain_bridge_jazzy/install/domain_bridge/share/domain_bridge/msg/CompressedMsg.msg
-- Up-to-date: /home/syfra/Hybridation_Anis/c-its/domain_bridge_jazzy/install/domain_bridge/include
-- Up-to-date: /home/syfra/Hybridation_Anis/c-its/domain_bridge_jazzy/install/domain_bridge/include/domain_bridge
-- Installing: /home/syfra/Hybridation_Anis/c-its/domain_bridge_jazzy/install/domain_bridge/include/domain_bridge/component_manager.hpp
-- Installing: /home/syfra/Hybridation_Anis/c-its/domain_bridge_jazzy/install/domain_bridge/include/domain_bridge/topic_bridge_options.hpp
-- Installing: /home/syfra/Hybridation_Anis/c-its/domain_bridge_jazzy/install/domain_bridge/include/domain_bridge/compress_messages.hpp
-- Installing: /home/syfra/Hybridation_Anis/c-its/domain_bridge_jazzy/install/domain_bridge/include/domain_bridge/domain_bridge_options.hpp
-- Installing: /home/syfra/Hybridation_Anis/c-its/domain_bridge_jazzy/install/domain_bridge/include/domain_bridge/process_cmd_line_arguments.hpp
-- Installing: /home/syfra/Hybridation_Anis/c-its/domain_bridge_jazzy/install/domain_bridge/include/domain_bridge/service_bridge_impl.inc
-- Installing: /home/syfra/Hybridation_Anis/c-its/domain_bridge_jazzy/install/domain_bridge/include/domain_bridge/visibility_control.hpp
-- Installing: /home/syfra/Hybridation_Anis/c-its/domain_bridge_jazzy/install/domain_bridge/include/domain_bridge/domain_bridge_config.hpp
-- Installing: /home/syfra/Hybridation_Anis/c-its/domain_bridge_jazzy/install/domain_bridge/include/domain_bridge/domain_bridge.hpp
-- Installing: /home/syfra/Hybridation_Anis/c-its/domain_bridge_jazzy/install/domain_bridge/include/domain_bridge/service_bridge_options.hpp
-- Installing: /home/syfra/Hybridation_Anis/c-its/domain_bridge_jazzy/install/domain_bridge/include/domain_bridge/topic_bridge.hpp
-- Installing: /home/syfra/Hybridation_Anis/c-its/domain_bridge_jazzy/install/domain_bridge/include/domain_bridge/qos_options.hpp
-- Installing: /home/syfra/Hybridation_Anis/c-its/domain_bridge_jazzy/install/domain_bridge/include/domain_bridge/parse_domain_bridge_yaml_config.hpp
-- Installing: /home/syfra/Hybridation_Anis/c-its/domain_bridge_jazzy/install/domain_bridge/lib/domain_bridge/domain_bridge
-- Set non-toolchain portion of runtime path of "/home/syfra/Hybridation_Anis/c-its/domain_bridge_jazzy/install/domain_bridge/lib/domain_bridge/domain_bridge" to ""
-- Installing: /home/syfra/Hybridation_Anis/c-its/domain_bridge_jazzy/install/domain_bridge/lib/libdomain_bridge.so
-- Set non-toolchain portion of runtime path of "/home/syfra/Hybridation_Anis/c-its/domain_bridge_jazzy/install/domain_bridge/lib/libdomain_bridge.so" to ""
-- Installing: /home/syfra/Hybridation_Anis/c-its/domain_bridge_jazzy/install/domain_bridge/share/domain_bridge/examples
-- Installing: /home/syfra/Hybridation_Anis/c-its/domain_bridge_jazzy/install/domain_bridge/share/domain_bridge/examples/bridge_config.yaml
-- Installing: /home/syfra/Hybridation_Anis/c-its/domain_bridge_jazzy/install/domain_bridge/share/domain_bridge/launch
-- Installing: /home/syfra/Hybridation_Anis/c-its/domain_bridge_jazzy/install/domain_bridge/share/domain_bridge/launch/domain_bridge.launch.xml
-- Installing: /home/syfra/Hybridation_Anis/c-its/domain_bridge_jazzy/install/domain_bridge/lib/domain_bridge/test_component
-- Set non-toolchain portion of runtime path of "/home/syfra/Hybridation_Anis/c-its/domain_bridge_jazzy/install/domain_bridge/lib/domain_bridge/test_component" to ""
-- Installing: /home/syfra/Hybridation_Anis/c-its/domain_bridge_jazzy/install/domain_bridge/lib/libdomain_bridge_test_component_lib.so
-- Set non-toolchain portion of runtime path of "/home/syfra/Hybridation_Anis/c-its/domain_bridge_jazzy/install/domain_bridge/lib/libdomain_bridge_test_component_lib.so" to ""
-- Installing: /home/syfra/Hybridation_Anis/c-its/domain_bridge_jazzy/install/domain_bridge/share/ament_index/resource_index/package_run_dependencies/domain_bridge
-- Installing: /home/syfra/Hybridation_Anis/c-its/domain_bridge_jazzy/install/domain_bridge/share/ament_index/resource_index/parent_prefix_path/domain_bridge
-- Installing: /home/syfra/Hybridation_Anis/c-its/domain_bridge_jazzy/install/domain_bridge/share/domain_bridge/environment/ament_prefix_path.sh
-- Installing: /home/syfra/Hybridation_Anis/c-its/domain_bridge_jazzy/install/domain_bridge/share/domain_bridge/environment/ament_prefix_path.dsv
-- Installing: /home/syfra/Hybridation_Anis/c-its/domain_bridge_jazzy/install/domain_bridge/share/domain_bridge/environment/path.sh
-- Installing: /home/syfra/Hybridation_Anis/c-its/domain_bridge_jazzy/install/domain_bridge/share/domain_bridge/environment/path.dsv
-- Installing: /home/syfra/Hybridation_Anis/c-its/domain_bridge_jazzy/install/domain_bridge/share/domain_bridge/local_setup.bash
-- Installing: /home/syfra/Hybridation_Anis/c-its/domain_bridge_jazzy/install/domain_bridge/share/domain_bridge/local_setup.sh
-- Installing: /home/syfra/Hybridation_Anis/c-its/domain_bridge_jazzy/install/domain_bridge/share/domain_bridge/local_setup.zsh
-- Installing: /home/syfra/Hybridation_Anis/c-its/domain_bridge_jazzy/install/domain_bridge/share/domain_bridge/local_setup.dsv
-- Installing: /home/syfra/Hybridation_Anis/c-its/domain_bridge_jazzy/install/domain_bridge/share/domain_bridge/package.dsv
-- Installing: /home/syfra/Hybridation_Anis/c-its/domain_bridge_jazzy/install/domain_bridge/share/ament_index/resource_index/packages/domain_bridge
-- Installing: /home/syfra/Hybridation_Anis/c-its/domain_bridge_jazzy/install/domain_bridge/share/ament_index/resource_index/rclcpp_components/domain_bridge
-- Installing: /home/syfra/Hybridation_Anis/c-its/domain_bridge_jazzy/install/domain_bridge/share/domain_bridge/cmake/export_domain_bridge__rosidl_generator_cExport.cmake
-- Installing: /home/syfra/Hybridation_Anis/c-its/domain_bridge_jazzy/install/domain_bridge/share/domain_bridge/cmake/export_domain_bridge__rosidl_generator_cExport-release.cmake
-- Installing: /home/syfra/Hybridation_Anis/c-its/domain_bridge_jazzy/install/domain_bridge/share/domain_bridge/cmake/export_domain_bridge__rosidl_typesupport_fastrtps_cExport.cmake
-- Installing: /home/syfra/Hybridation_Anis/c-its/domain_bridge_jazzy/install/domain_bridge/share/domain_bridge/cmake/export_domain_bridge__rosidl_typesupport_fastrtps_cExport-release.cmake
-- Installing: /home/syfra/Hybridation_Anis/c-its/domain_bridge_jazzy/install/domain_bridge/share/domain_bridge/cmake/export_domain_bridge__rosidl_generator_cppExport.cmake
-- Installing: /home/syfra/Hybridation_Anis/c-its/domain_bridge_jazzy/install/domain_bridge/share/domain_bridge/cmake/export_domain_bridge__rosidl_typesupport_fastrtps_cppExport.cmake
-- Installing: /home/syfra/Hybridation_Anis/c-its/domain_bridge_jazzy/install/domain_bridge/share/domain_bridge/cmake/export_domain_bridge__rosidl_typesupport_fastrtps_cppExport-release.cmake
-- Installing: /home/syfra/Hybridation_Anis/c-its/domain_bridge_jazzy/install/domain_bridge/share/domain_bridge/cmake/domain_bridge__rosidl_typesupport_introspection_cExport.cmake
-- Installing: /home/syfra/Hybridation_Anis/c-its/domain_bridge_jazzy/install/domain_bridge/share/domain_bridge/cmake/domain_bridge__rosidl_typesupport_introspection_cExport-release.cmake
-- Installing: /home/syfra/Hybridation_Anis/c-its/domain_bridge_jazzy/install/domain_bridge/share/domain_bridge/cmake/domain_bridge__rosidl_typesupport_cExport.cmake
-- Installing: /home/syfra/Hybridation_Anis/c-its/domain_bridge_jazzy/install/domain_bridge/share/domain_bridge/cmake/domain_bridge__rosidl_typesupport_cExport-release.cmake
-- Installing: /home/syfra/Hybridation_Anis/c-its/domain_bridge_jazzy/install/domain_bridge/share/domain_bridge/cmake/domain_bridge__rosidl_typesupport_introspection_cppExport.cmake
-- Installing: /home/syfra/Hybridation_Anis/c-its/domain_bridge_jazzy/install/domain_bridge/share/domain_bridge/cmake/domain_bridge__rosidl_typesupport_introspection_cppExport-release.cmake
-- Installing: /home/syfra/Hybridation_Anis/c-its/domain_bridge_jazzy/install/domain_bridge/share/domain_bridge/cmake/domain_bridge__rosidl_typesupport_cppExport.cmake
-- Installing: /home/syfra/Hybridation_Anis/c-its/domain_bridge_jazzy/install/domain_bridge/share/domain_bridge/cmake/domain_bridge__rosidl_typesupport_cppExport-release.cmake
-- Installing: /home/syfra/Hybridation_Anis/c-its/domain_bridge_jazzy/install/domain_bridge/share/domain_bridge/cmake/export_domain_bridge__rosidl_generator_pyExport.cmake
-- Installing: /home/syfra/Hybridation_Anis/c-its/domain_bridge_jazzy/install/domain_bridge/share/domain_bridge/cmake/export_domain_bridge__rosidl_generator_pyExport-release.cmake
-- Installing: /home/syfra/Hybridation_Anis/c-its/domain_bridge_jazzy/install/domain_bridge/share/domain_bridge/cmake/export_domain_bridgeExport.cmake
-- Installing: /home/syfra/Hybridation_Anis/c-its/domain_bridge_jazzy/install/domain_bridge/share/domain_bridge/cmake/export_domain_bridgeExport-release.cmake
-- Installing: /home/syfra/Hybridation_Anis/c-its/domain_bridge_jazzy/install/domain_bridge/share/domain_bridge/cmake/rosidl_cmake-extras.cmake
-- Installing: /home/syfra/Hybridation_Anis/c-its/domain_bridge_jazzy/install/domain_bridge/share/domain_bridge/cmake/ament_cmake_export_include_directories-extras.cmake
-- Installing: /home/syfra/Hybridation_Anis/c-its/domain_bridge_jazzy/install/domain_bridge/share/domain_bridge/cmake/ament_cmake_export_libraries-extras.cmake
-- Installing: /home/syfra/Hybridation_Anis/c-its/domain_bridge_jazzy/install/domain_bridge/share/domain_bridge/cmake/ament_cmake_export_targets-extras.cmake
-- Installing: /home/syfra/Hybridation_Anis/c-its/domain_bridge_jazzy/install/domain_bridge/share/domain_bridge/cmake/rosidl_cmake_export_typesupport_targets-extras.cmake
-- Installing: /home/syfra/Hybridation_Anis/c-its/domain_bridge_jazzy/install/domain_bridge/share/domain_bridge/cmake/ament_cmake_export_dependencies-extras.cmake
-- Installing: /home/syfra/Hybridation_Anis/c-its/domain_bridge_jazzy/install/domain_bridge/share/domain_bridge/cmake/rosidl_cmake_export_typesupport_libraries-extras.cmake
-- Installing: /home/syfra/Hybridation_Anis/c-its/domain_bridge_jazzy/install/domain_bridge/share/domain_bridge/cmake/rosidl_cmake_aggregate_target-extras.cmake
-- Installing: /home/syfra/Hybridation_Anis/c-its/domain_bridge_jazzy/install/domain_bridge/share/domain_bridge/cmake/domain_bridgeConfig.cmake
-- Installing: /home/syfra/Hybridation_Anis/c-its/domain_bridge_jazzy/install/domain_bridge/share/domain_bridge/cmake/domain_bridgeConfig-version.cmake
-- Installing: /home/syfra/Hybridation_Anis/c-its/domain_bridge_jazzy/install/domain_bridge/share/domain_bridge/package.xml
