[0.032s] Invoking command in '/home/syfra/Hybridation_Anis/c-its/domain_bridge_jazzy/build/domain_bridge': CMAKE_PREFIX_PATH=${CMAKE_PREFIX_PATH}:/home/syfra/ros2_jazzy/install/rqt_bag_plugins:/home/syfra/ros2_jazzy/install/launch_testing_examples:/home/syfra/ros2_jazzy/install/ros2bag:/home/syfra/ros2_jazzy/install/rqt_bag:/home/syfra/ros2_jazzy/install/rosbag2_examples_py:/home/syfra/ros2_jazzy/install/tracetools_test:/home/syfra/ros2_jazzy/install/tracetools_launch:/home/syfra/ros2_jazzy/install/topic_monitor:/home/syfra/ros2_jazzy/install/tf2_tools:/home/syfra/ros2_jazzy/install/examples_tf2_py:/home/syfra/ros2_jazzy/install/tf2_ros_py:/home/syfra/ros2_jazzy/install/examples_rclpy_pointcloud_publisher:/home/syfra/ros2_jazzy/install/sensor_msgs_py:/home/syfra/ros2_jazzy/install/quality_of_service_demo_py:/home/syfra/ros2_jazzy/install/camera_info_manager_py:/home/syfra/ros2_jazzy/install/rqt_plot:/home/syfra/ros2_jazzy/install/ros2doctor:/home/syfra/ros2_jazzy/install/lifecycle_py:/home/syfra/ros2_jazzy/install/examples_rclpy_minimal_subscriber:/home/syfra/ros2_jazzy/install/examples_rclpy_minimal_service:/home/syfra/ros2_jazzy/install/examples_rclpy_minimal_publisher:/home/syfra/ros2_jazzy/install/examples_rclpy_minimal_client:/home/syfra/ros2_jazzy/install/examples_rclpy_executors:/home/syfra/ros2_jazzy/install/demo_nodes_py:/home/syfra/ros2_jazzy/install/rqt:/home/syfra/ros2_jazzy/install/ros2component:/home/syfra/ros2_jazzy/install/sros2:/home/syfra/ros2_jazzy/install/rqt_topic:/home/syfra/ros2_jazzy/install/rqt_srv:/home/syfra/ros2_jazzy/install/rqt_shell:/home/syfra/ros2_jazzy/install/rqt_service_caller:/home/syfra/ros2_jazzy/install/rqt_reconfigure:/home/syfra/ros2_jazzy/install/rqt_py_console:/home/syfra/ros2_jazzy/install/rqt_publisher:/home/syfra/ros2_jazzy/install/rqt_action:/home/syfra/ros2_jazzy/install/rqt_msg:/home/syfra/ros2_jazzy/install/rqt_console:/home/syfra/ros2_jazzy/install/rqt_graph:/home/syfra/ros2_jazzy/install/rqt_gui_py:/home/syfra/ros2_jazzy/install/rqt_gui:/home/syfra/ros2_jazzy/install/ros2trace:/home/syfra/ros2_jazzy/install/ros2param:/home/syfra/ros2_jazzy/install/ros2lifecycle:/home/syfra/ros2_jazzy/install/ros2service:/home/syfra/ros2_jazzy/install/ros2topic:/home/syfra/ros2_jazzy/install/ros2test:/home/syfra/ros2_jazzy/install/ros2run:/home/syfra/ros2_jazzy/install/ros2plugin:/home/syfra/ros2_jazzy/install/ros2launch:/home/syfra/ros2_jazzy/install/ros2pkg:/home/syfra/ros2_jazzy/install/ros2node:/home/syfra/ros2_jazzy/install/ros2multicast:/home/syfra/ros2_jazzy/install/ros2interface:/home/syfra/ros2_jazzy/install/ros2action:/home/syfra/ros2_jazzy/install/ros2cli:/home/syfra/ros2_jazzy/install/launch_testing_ros:/home/syfra/ros2_jazzy/install/launch_ros:/home/syfra/ros2_jazzy/install/examples_rclpy_minimal_action_server:/home/syfra/ros2_jazzy/install/examples_rclpy_minimal_action_client:/home/syfra/ros2_jazzy/install/examples_rclpy_guard_conditions:/home/syfra/ros2_jazzy/install/action_tutorials_py:/home/syfra/ros2_jazzy/install/ament_uncrustify:/home/syfra/ros2_jazzy/install/tracetools_trace:/home/syfra/ros2_jazzy/install/tracetools_read:/home/syfra/ros2_jazzy/install/test_tracetools_launch:/home/syfra/ros2_jazzy/install/test_ros2trace:/home/syfra/ros2_jazzy/install/test_launch_ros:/home/syfra/ros2_jazzy/install/rpyutils:/home/syfra/ros2_jazzy/install/rosidl_runtime_py:/home/syfra/ros2_jazzy/install/rosidl_pycommon:/home/syfra/ros2_jazzy/install/rosidl_cli:/home/syfra/ros2_jazzy/install/launch_pytest:/home/syfra/ros2_jazzy/install/launch_testing:/home/syfra/ros2_jazzy/install/launch_yaml:/home/syfra/ros2_jazzy/install/launch_xml:/home/syfra/ros2_jazzy/install/launch:/home/syfra/ros2_jazzy/install/osrf_pycommon:/home/syfra/ros2_jazzy/install/domain_coordinator:/home/syfra/ros2_jazzy/install/ament_xmllint:/home/syfra/ros2_jazzy/install/ament_pyflakes:/home/syfra/ros2_jazzy/install/ament_pycodestyle:/home/syfra/ros2_jazzy/install/ament_pep257:/home/syfra/ros2_jazzy/install/ament_pclint:/home/syfra/ros2_jazzy/install/ament_package:/home/syfra/ros2_jazzy/install/ament_mypy:/home/syfra/ros2_jazzy/install/ament_lint_cmake:/home/syfra/ros2_jazzy/install/ament_flake8:/home/syfra/ros2_jazzy/install/ament_copyright:/home/syfra/ros2_jazzy/install/ament_lint:/home/syfra/ros2_jazzy/install/ament_index_python:/home/syfra/ros2_jazzy/install/ament_cpplint:/home/syfra/ros2_jazzy/install/ament_cppcheck:/home/syfra/ros2_jazzy/install/ament_clang_tidy:/home/syfra/ros2_jazzy/install/ament_clang_format:/opt/ros/jazzy DEBUGINFOD_URLS=https://debuginfod.ubuntu.com /usr/bin/cmake /home/syfra/Hybridation_Anis/c-its/domain_bridge_jazzy/src -DCMAKE_INSTALL_PREFIX=/home/syfra/Hybridation_Anis/c-its/domain_bridge_jazzy/install/domain_bridge
[0.167s] -- The C compiler identification is GNU 13.3.0
[0.262s] -- The CXX compiler identification is GNU 13.3.0
[0.291s] -- Detecting C compiler ABI info
[0.434s] -- Detecting C compiler ABI info - done
[0.446s] -- Check for working C compiler: /usr/bin/cc - skipped
[0.446s] -- Detecting C compile features
[0.446s] -- Detecting C compile features - done
[0.465s] -- Detecting CXX compiler ABI info
[0.605s] -- Detecting CXX compiler ABI info - done
[0.613s] -- Check for working CXX compiler: /usr/bin/c++ - skipped
[0.613s] -- Detecting CXX compile features
[0.615s] -- Detecting CXX compile features - done
[0.632s] -- Found ament_cmake: 2.5.6 (/home/syfra/ros2_jazzy/install/ament_cmake/share/ament_cmake/cmake)
[1.081s] -- Found Python3: /usr/bin/python3 (found version "3.12.3") found components: Interpreter 
[1.397s] -- Found rclcpp: 28.1.18 (/home/syfra/ros2_jazzy/install/rclcpp/share/rclcpp/cmake)
[1.499s] -- Found rosidl_generator_c: 4.6.7 (/home/syfra/ros2_jazzy/install/rosidl_generator_c/share/rosidl_generator_c/cmake)
[1.532s] -- Found rosidl_generator_cpp: 4.6.7 (/home/syfra/ros2_jazzy/install/rosidl_generator_cpp/share/rosidl_generator_cpp/cmake)
[1.594s] -- Using all available rosidl_typesupport_c: rosidl_typesupport_introspection_c;rosidl_typesupport_fastrtps_c
[1.653s] -- Using all available rosidl_typesupport_cpp: rosidl_typesupport_introspection_cpp;rosidl_typesupport_fastrtps_cpp
[1.805s] -- Found rmw_implementation_cmake: 7.3.3 (/home/syfra/ros2_jazzy/install/rmw_implementation_cmake/share/rmw_implementation_cmake/cmake)
[1.835s] -- Found rmw_fastrtps_cpp: 8.4.3 (/home/syfra/ros2_jazzy/install/rmw_fastrtps_cpp/share/rmw_fastrtps_cpp/cmake)
[2.032s] -- Found OpenSSL: /usr/lib/x86_64-linux-gnu/libcrypto.so (found version "3.0.13")  
[2.065s] -- Found FastRTPS: /home/syfra/ros2_jazzy/install/fastrtps/include (Required is at least version "2.13") 
[2.115s] -- Using RMW implementation 'rmw_fastrtps_cpp' as default
[2.231s] -- Found rclcpp_components: 28.1.18 (/home/syfra/ros2_jazzy/install/rclcpp_components/share/rclcpp_components/cmake)
[2.293s] -- Found rosbag2_cpp: 0.26.10 (/home/syfra/ros2_jazzy/install/rosbag2_cpp/share/rosbag2_cpp/cmake)
[2.336s] -- Setting yaml-cpp_DIR to: '/home/syfra/ros2_jazzy/install/yaml_cpp_vendor/share/yaml_cpp_vendor/cmake/../../../opt/yaml_cpp_vendor/share/cmake/yaml-cpp'
[2.344s] -- Found rosidl_default_generators: 1.6.0 (/home/syfra/ros2_jazzy/install/rosidl_default_generators/share/rosidl_default_generators/cmake)
[2.461s] -- Found rosidl_adapter: 4.6.7 (/home/syfra/ros2_jazzy/install/rosidl_adapter/share/rosidl_adapter/cmake)
[2.465s] -- Found zstd_vendor: 0.26.10 (/home/syfra/ros2_jazzy/install/zstd_vendor/share/zstd_vendor/cmake)
[2.480s] -- Found zstd: /usr/lib/x86_64-linux-gnu/libzstd.so (found version "1.5.5") 
[3.593s] -- Found ament_cmake_ros: 0.12.0 (/home/syfra/ros2_jazzy/install/ament_cmake_ros/share/ament_cmake_ros/cmake)
[5.048s] -- Using all available rosidl_typesupport_c: rosidl_typesupport_introspection_c;rosidl_typesupport_fastrtps_c
[5.654s] -- Using all available rosidl_typesupport_cpp: rosidl_typesupport_introspection_cpp;rosidl_typesupport_fastrtps_cpp
[5.665s] -- Found python_cmake_module: 0.11.1 (/home/syfra/ros2_jazzy/install/python_cmake_module/share/python_cmake_module/cmake)
[5.942s] -- Found PythonExtra: /usr/bin/python3  
[6.753s] -- Found Python3: /usr/bin/python3 (found version "3.12.3") found components: Interpreter Development NumPy Development.Module Development.Embed 
[6.929s] -- Found Python3: /usr/bin/python3 (found version "3.12.3") found components: Interpreter 
[7.009s] -- Loaded RTI Connext DDS environment:
[7.009s] -- - RTI Connext DDS Professional:
[7.009s] --   - Found: false
[7.009s] --   - Version: 
[7.009s] --   - Directory: 
[7.010s] --   - Architecture: 
[7.010s] -- - RTI Connext DDS Micro:
[7.010s] --   - Found: false
[7.010s] --   - Version: 
[7.010s] --   - Directory: 
[7.011s] --   - Architecture: 
[7.011s] -- no CONNEXTDDS_DIR nor NDDSHOME specified
[7.011s] -- Invalid CONNEXTDDS_DIR = ''
[7.019s] -- Found ament_lint_auto: 0.17.5 (/home/syfra/ros2_jazzy/install/ament_lint_auto/share/ament_lint_auto/cmake)
[7.023s] -- Found test_msgs: 2.0.3 (/home/syfra/ros2_jazzy/install/test_msgs/share/test_msgs/cmake)
[7.333s] -- Found gmock sources under '/home/syfra/ros2_jazzy/install/gmock_vendor/src/gmock_vendor': C++ tests using 'Google Mock' will be built
[7.345s] -- Found gtest sources under '/home/syfra/ros2_jazzy/install/gtest_vendor/src/gtest_vendor': C++ tests using 'Google Test' will be built
[7.458s] -- Found TinyXML2 via Config file: /usr/lib/x86_64-linux-gnu/cmake/tinyxml2
[7.469s] -- Found TinyXML2 via Config file: /usr/lib/x86_64-linux-gnu/cmake/tinyxml2
[7.553s] -- Added test 'copyright' to check source files copyright and LICENSE
[7.559s] -- Added test 'cppcheck' to perform static code analysis on C / C++ code
[7.560s] -- Configured cppcheck include dirs: $<BUILD_INTERFACE:/home/syfra/Hybridation_Anis/c-its/domain_bridge_jazzy/src/include>
[7.560s] -- Configured cppcheck exclude dirs and/or files: 
[7.569s] -- Added test 'cpplint' to check C / C++ code against the Google style
[7.569s] -- Configured cpplint exclude dirs and/or files: 
[7.573s] -- Added test 'flake8' to check Python code syntax and style conventions
[7.574s] -- Configured 'flake8' exclude dirs and/or files: 
[7.578s] -- Added test 'lint_cmake' to check CMake code style
[7.582s] -- Added test 'pep257' to check Python code against some of the docstring style conventions in PEP 257
[7.588s] -- Added test 'uncrustify' to check C / C++ code style
[7.588s] -- Configured uncrustify additional arguments: 
[7.592s] -- Added test 'xmllint' to check XML markup files
[7.601s] -- Configuring done (7.5s)
[7.724s] -- Generating done (0.1s)
[7.756s] -- Build files have been written to: /home/syfra/Hybridation_Anis/c-its/domain_bridge_jazzy/build/domain_bridge
[7.775s] Invoked command in '/home/syfra/Hybridation_Anis/c-its/domain_bridge_jazzy/build/domain_bridge' returned '0': CMAKE_PREFIX_PATH=${CMAKE_PREFIX_PATH}:/home/syfra/ros2_jazzy/install/rqt_bag_plugins:/home/syfra/ros2_jazzy/install/launch_testing_examples:/home/syfra/ros2_jazzy/install/ros2bag:/home/syfra/ros2_jazzy/install/rqt_bag:/home/syfra/ros2_jazzy/install/rosbag2_examples_py:/home/syfra/ros2_jazzy/install/tracetools_test:/home/syfra/ros2_jazzy/install/tracetools_launch:/home/syfra/ros2_jazzy/install/topic_monitor:/home/syfra/ros2_jazzy/install/tf2_tools:/home/syfra/ros2_jazzy/install/examples_tf2_py:/home/syfra/ros2_jazzy/install/tf2_ros_py:/home/syfra/ros2_jazzy/install/examples_rclpy_pointcloud_publisher:/home/syfra/ros2_jazzy/install/sensor_msgs_py:/home/syfra/ros2_jazzy/install/quality_of_service_demo_py:/home/syfra/ros2_jazzy/install/camera_info_manager_py:/home/syfra/ros2_jazzy/install/rqt_plot:/home/syfra/ros2_jazzy/install/ros2doctor:/home/syfra/ros2_jazzy/install/lifecycle_py:/home/syfra/ros2_jazzy/install/examples_rclpy_minimal_subscriber:/home/syfra/ros2_jazzy/install/examples_rclpy_minimal_service:/home/syfra/ros2_jazzy/install/examples_rclpy_minimal_publisher:/home/syfra/ros2_jazzy/install/examples_rclpy_minimal_client:/home/syfra/ros2_jazzy/install/examples_rclpy_executors:/home/syfra/ros2_jazzy/install/demo_nodes_py:/home/syfra/ros2_jazzy/install/rqt:/home/syfra/ros2_jazzy/install/ros2component:/home/syfra/ros2_jazzy/install/sros2:/home/syfra/ros2_jazzy/install/rqt_topic:/home/syfra/ros2_jazzy/install/rqt_srv:/home/syfra/ros2_jazzy/install/rqt_shell:/home/syfra/ros2_jazzy/install/rqt_service_caller:/home/syfra/ros2_jazzy/install/rqt_reconfigure:/home/syfra/ros2_jazzy/install/rqt_py_console:/home/syfra/ros2_jazzy/install/rqt_publisher:/home/syfra/ros2_jazzy/install/rqt_action:/home/syfra/ros2_jazzy/install/rqt_msg:/home/syfra/ros2_jazzy/install/rqt_console:/home/syfra/ros2_jazzy/install/rqt_graph:/home/syfra/ros2_jazzy/install/rqt_gui_py:/home/syfra/ros2_jazzy/install/rqt_gui:/home/syfra/ros2_jazzy/install/ros2trace:/home/syfra/ros2_jazzy/install/ros2param:/home/syfra/ros2_jazzy/install/ros2lifecycle:/home/syfra/ros2_jazzy/install/ros2service:/home/syfra/ros2_jazzy/install/ros2topic:/home/syfra/ros2_jazzy/install/ros2test:/home/syfra/ros2_jazzy/install/ros2run:/home/syfra/ros2_jazzy/install/ros2plugin:/home/syfra/ros2_jazzy/install/ros2launch:/home/syfra/ros2_jazzy/install/ros2pkg:/home/syfra/ros2_jazzy/install/ros2node:/home/syfra/ros2_jazzy/install/ros2multicast:/home/syfra/ros2_jazzy/install/ros2interface:/home/syfra/ros2_jazzy/install/ros2action:/home/syfra/ros2_jazzy/install/ros2cli:/home/syfra/ros2_jazzy/install/launch_testing_ros:/home/syfra/ros2_jazzy/install/launch_ros:/home/syfra/ros2_jazzy/install/examples_rclpy_minimal_action_server:/home/syfra/ros2_jazzy/install/examples_rclpy_minimal_action_client:/home/syfra/ros2_jazzy/install/examples_rclpy_guard_conditions:/home/syfra/ros2_jazzy/install/action_tutorials_py:/home/syfra/ros2_jazzy/install/ament_uncrustify:/home/syfra/ros2_jazzy/install/tracetools_trace:/home/syfra/ros2_jazzy/install/tracetools_read:/home/syfra/ros2_jazzy/install/test_tracetools_launch:/home/syfra/ros2_jazzy/install/test_ros2trace:/home/syfra/ros2_jazzy/install/test_launch_ros:/home/syfra/ros2_jazzy/install/rpyutils:/home/syfra/ros2_jazzy/install/rosidl_runtime_py:/home/syfra/ros2_jazzy/install/rosidl_pycommon:/home/syfra/ros2_jazzy/install/rosidl_cli:/home/syfra/ros2_jazzy/install/launch_pytest:/home/syfra/ros2_jazzy/install/launch_testing:/home/syfra/ros2_jazzy/install/launch_yaml:/home/syfra/ros2_jazzy/install/launch_xml:/home/syfra/ros2_jazzy/install/launch:/home/syfra/ros2_jazzy/install/osrf_pycommon:/home/syfra/ros2_jazzy/install/domain_coordinator:/home/syfra/ros2_jazzy/install/ament_xmllint:/home/syfra/ros2_jazzy/install/ament_pyflakes:/home/syfra/ros2_jazzy/install/ament_pycodestyle:/home/syfra/ros2_jazzy/install/ament_pep257:/home/syfra/ros2_jazzy/install/ament_pclint:/home/syfra/ros2_jazzy/install/ament_package:/home/syfra/ros2_jazzy/install/ament_mypy:/home/syfra/ros2_jazzy/install/ament_lint_cmake:/home/syfra/ros2_jazzy/install/ament_flake8:/home/syfra/ros2_jazzy/install/ament_copyright:/home/syfra/ros2_jazzy/install/ament_lint:/home/syfra/ros2_jazzy/install/ament_index_python:/home/syfra/ros2_jazzy/install/ament_cpplint:/home/syfra/ros2_jazzy/install/ament_cppcheck:/home/syfra/ros2_jazzy/install/ament_clang_tidy:/home/syfra/ros2_jazzy/install/ament_clang_format:/opt/ros/jazzy DEBUGINFOD_URLS=https://debuginfod.ubuntu.com /usr/bin/cmake /home/syfra/Hybridation_Anis/c-its/domain_bridge_jazzy/src -DCMAKE_INSTALL_PREFIX=/home/syfra/Hybridation_Anis/c-its/domain_bridge_jazzy/install/domain_bridge
[7.777s] Invoking command in '/home/syfra/Hybridation_Anis/c-its/domain_bridge_jazzy/build/domain_bridge': CMAKE_PREFIX_PATH=${CMAKE_PREFIX_PATH}:/home/syfra/ros2_jazzy/install/rqt_bag_plugins:/home/syfra/ros2_jazzy/install/launch_testing_examples:/home/syfra/ros2_jazzy/install/ros2bag:/home/syfra/ros2_jazzy/install/rqt_bag:/home/syfra/ros2_jazzy/install/rosbag2_examples_py:/home/syfra/ros2_jazzy/install/tracetools_test:/home/syfra/ros2_jazzy/install/tracetools_launch:/home/syfra/ros2_jazzy/install/topic_monitor:/home/syfra/ros2_jazzy/install/tf2_tools:/home/syfra/ros2_jazzy/install/examples_tf2_py:/home/syfra/ros2_jazzy/install/tf2_ros_py:/home/syfra/ros2_jazzy/install/examples_rclpy_pointcloud_publisher:/home/syfra/ros2_jazzy/install/sensor_msgs_py:/home/syfra/ros2_jazzy/install/quality_of_service_demo_py:/home/syfra/ros2_jazzy/install/camera_info_manager_py:/home/syfra/ros2_jazzy/install/rqt_plot:/home/syfra/ros2_jazzy/install/ros2doctor:/home/syfra/ros2_jazzy/install/lifecycle_py:/home/syfra/ros2_jazzy/install/examples_rclpy_minimal_subscriber:/home/syfra/ros2_jazzy/install/examples_rclpy_minimal_service:/home/syfra/ros2_jazzy/install/examples_rclpy_minimal_publisher:/home/syfra/ros2_jazzy/install/examples_rclpy_minimal_client:/home/syfra/ros2_jazzy/install/examples_rclpy_executors:/home/syfra/ros2_jazzy/install/demo_nodes_py:/home/syfra/ros2_jazzy/install/rqt:/home/syfra/ros2_jazzy/install/ros2component:/home/syfra/ros2_jazzy/install/sros2:/home/syfra/ros2_jazzy/install/rqt_topic:/home/syfra/ros2_jazzy/install/rqt_srv:/home/syfra/ros2_jazzy/install/rqt_shell:/home/syfra/ros2_jazzy/install/rqt_service_caller:/home/syfra/ros2_jazzy/install/rqt_reconfigure:/home/syfra/ros2_jazzy/install/rqt_py_console:/home/syfra/ros2_jazzy/install/rqt_publisher:/home/syfra/ros2_jazzy/install/rqt_action:/home/syfra/ros2_jazzy/install/rqt_msg:/home/syfra/ros2_jazzy/install/rqt_console:/home/syfra/ros2_jazzy/install/rqt_graph:/home/syfra/ros2_jazzy/install/rqt_gui_py:/home/syfra/ros2_jazzy/install/rqt_gui:/home/syfra/ros2_jazzy/install/ros2trace:/home/syfra/ros2_jazzy/install/ros2param:/home/syfra/ros2_jazzy/install/ros2lifecycle:/home/syfra/ros2_jazzy/install/ros2service:/home/syfra/ros2_jazzy/install/ros2topic:/home/syfra/ros2_jazzy/install/ros2test:/home/syfra/ros2_jazzy/install/ros2run:/home/syfra/ros2_jazzy/install/ros2plugin:/home/syfra/ros2_jazzy/install/ros2launch:/home/syfra/ros2_jazzy/install/ros2pkg:/home/syfra/ros2_jazzy/install/ros2node:/home/syfra/ros2_jazzy/install/ros2multicast:/home/syfra/ros2_jazzy/install/ros2interface:/home/syfra/ros2_jazzy/install/ros2action:/home/syfra/ros2_jazzy/install/ros2cli:/home/syfra/ros2_jazzy/install/launch_testing_ros:/home/syfra/ros2_jazzy/install/launch_ros:/home/syfra/ros2_jazzy/install/examples_rclpy_minimal_action_server:/home/syfra/ros2_jazzy/install/examples_rclpy_minimal_action_client:/home/syfra/ros2_jazzy/install/examples_rclpy_guard_conditions:/home/syfra/ros2_jazzy/install/action_tutorials_py:/home/syfra/ros2_jazzy/install/ament_uncrustify:/home/syfra/ros2_jazzy/install/tracetools_trace:/home/syfra/ros2_jazzy/install/tracetools_read:/home/syfra/ros2_jazzy/install/test_tracetools_launch:/home/syfra/ros2_jazzy/install/test_ros2trace:/home/syfra/ros2_jazzy/install/test_launch_ros:/home/syfra/ros2_jazzy/install/rpyutils:/home/syfra/ros2_jazzy/install/rosidl_runtime_py:/home/syfra/ros2_jazzy/install/rosidl_pycommon:/home/syfra/ros2_jazzy/install/rosidl_cli:/home/syfra/ros2_jazzy/install/launch_pytest:/home/syfra/ros2_jazzy/install/launch_testing:/home/syfra/ros2_jazzy/install/launch_yaml:/home/syfra/ros2_jazzy/install/launch_xml:/home/syfra/ros2_jazzy/install/launch:/home/syfra/ros2_jazzy/install/osrf_pycommon:/home/syfra/ros2_jazzy/install/domain_coordinator:/home/syfra/ros2_jazzy/install/ament_xmllint:/home/syfra/ros2_jazzy/install/ament_pyflakes:/home/syfra/ros2_jazzy/install/ament_pycodestyle:/home/syfra/ros2_jazzy/install/ament_pep257:/home/syfra/ros2_jazzy/install/ament_pclint:/home/syfra/ros2_jazzy/install/ament_package:/home/syfra/ros2_jazzy/install/ament_mypy:/home/syfra/ros2_jazzy/install/ament_lint_cmake:/home/syfra/ros2_jazzy/install/ament_flake8:/home/syfra/ros2_jazzy/install/ament_copyright:/home/syfra/ros2_jazzy/install/ament_lint:/home/syfra/ros2_jazzy/install/ament_index_python:/home/syfra/ros2_jazzy/install/ament_cpplint:/home/syfra/ros2_jazzy/install/ament_cppcheck:/home/syfra/ros2_jazzy/install/ament_clang_tidy:/home/syfra/ros2_jazzy/install/ament_clang_format:/opt/ros/jazzy DEBUGINFOD_URLS=https://debuginfod.ubuntu.com /usr/bin/cmake --build /home/syfra/Hybridation_Anis/c-its/domain_bridge_jazzy/build/domain_bridge -- -j48 -l48
[7.870s] [  1%] [34m[1mGenerating Rust code for ROS interfaces[0m
[7.871s] [  2%] [32mBuilding CXX object gmock/CMakeFiles/gmock_main.dir/src/gmock_main.cc.o[0m
[7.871s] [  3%] [34m[1mGenerating type hashes for ROS interfaces[0m
[7.871s] [  5%] [32mBuilding CXX object CMakeFiles/test_component.dir/rclcpp_components/node_main_test_component.cpp.o[0m
[7.872s] [  7%] [32mBuilding CXX object CMakeFiles/domain_bridge_test_component_lib.dir/test/domain_bridge/test_component.cpp.o[0m
[7.872s] [  7%] [32mBuilding CXX object gmock/CMakeFiles/gmock.dir/home/syfra/ros2_jazzy/install/gtest_vendor/src/gtest_vendor/src/gtest-all.cc.o[0m
[7.872s] [  9%] [32mBuilding CXX object gmock/CMakeFiles/gmock.dir/src/gmock-all.cc.o[0m
[7.881s] [  9%] Built target ament_cmake_python_copy_domain_bridge
[8.101s] [  9%] Built target domain_bridge__rosidl_generator_type_description
[8.123s] [ 10%] [34m[1mGenerating C code for ROS interfaces[0m
[8.128s] [ 10%] Built target domain_bridge__rs
[8.132s] [ 11%] [34m[1mGenerating C++ code for ROS interfaces[0m
[8.225s] running egg_info
[8.226s] creating domain_bridge.egg-info
[8.258s] writing domain_bridge.egg-info/PKG-INFO
[8.258s] writing dependency_links to domain_bridge.egg-info/dependency_links.txt
[8.259s] writing top-level names to domain_bridge.egg-info/top_level.txt
[8.259s] writing manifest file 'domain_bridge.egg-info/SOURCES.txt'
[8.334s] reading manifest file 'domain_bridge.egg-info/SOURCES.txt'
[8.334s] writing manifest file 'domain_bridge.egg-info/SOURCES.txt'
[8.368s] [ 11%] Built target ament_cmake_python_build_domain_bridge_egg
[8.392s] [ 11%] Built target domain_bridge__cpp
[8.412s] [ 12%] [32mBuilding C object CMakeFiles/domain_bridge__rosidl_generator_c.dir/rosidl_generator_c/domain_bridge/msg/detail/compressed_msg__functions.c.o[0m
[8.416s] [ 14%] [32mBuilding C object CMakeFiles/domain_bridge__rosidl_generator_c.dir/rosidl_generator_c/domain_bridge/msg/detail/compressed_msg__type_support.c.o[0m
[8.416s] [ 15%] [32mBuilding C object CMakeFiles/domain_bridge__rosidl_generator_c.dir/rosidl_generator_c/domain_bridge/msg/detail/compressed_msg__description.c.o[0m
[8.509s] [ 16%] [32m[1mLinking C shared library libdomain_bridge__rosidl_generator_c.so[0m
[8.557s] [ 16%] Built target domain_bridge__rosidl_generator_c
[8.577s] [ 20%] [34m[1mGenerating C type support dispatch for ROS interfaces[0m
[8.577s] [ 20%] [34m[1mGenerating C introspection for ROS interfaces[0m
[8.577s] [ 20%] [34m[1mGenerating C++ type support for eProsima Fast-RTPS[0m
[8.577s] [ 22%] [34m[1mGenerating C++ type support dispatch for ROS interfaces[0m
[8.578s] [ 23%] [34m[1mGenerating C type support for eProsima Fast-RTPS[0m
[8.578s] [ 24%] [34m[1mGenerating C++ introspection for ROS interfaces[0m
[8.696s] [ 25%] [32m[1mLinking CXX static library libgmock_main.a[0m
[8.839s] [ 27%] [32mBuilding CXX object CMakeFiles/domain_bridge__rosidl_typesupport_cpp.dir/rosidl_typesupport_cpp/domain_bridge/msg/compressed_msg__type_support.cpp.o[0m
[8.843s] [ 28%] [32mBuilding CXX object CMakeFiles/domain_bridge__rosidl_typesupport_c.dir/rosidl_typesupport_c/domain_bridge/msg/compressed_msg__type_support.cpp.o[0m
[8.851s] [ 29%] [32mBuilding CXX object CMakeFiles/domain_bridge__rosidl_typesupport_introspection_cpp.dir/rosidl_typesupport_introspection_cpp/domain_bridge/msg/detail/compressed_msg__type_support.cpp.o[0m
[8.852s] [ 29%] Built target gmock_main
[8.862s] [ 31%] [32mBuilding CXX object CMakeFiles/domain_bridge__rosidl_typesupport_fastrtps_cpp.dir/rosidl_typesupport_fastrtps_cpp/domain_bridge/msg/detail/dds_fastrtps/compressed_msg__type_support.cpp.o[0m
[8.863s] [ 32%] [32mBuilding C object CMakeFiles/domain_bridge__rosidl_typesupport_introspection_c.dir/rosidl_typesupport_introspection_c/domain_bridge/msg/detail/compressed_msg__type_support.c.o[0m
[8.871s] [ 33%] [32mBuilding CXX object CMakeFiles/domain_bridge__rosidl_typesupport_fastrtps_c.dir/rosidl_typesupport_fastrtps_c/domain_bridge/msg/detail/compressed_msg__type_support_c.cpp.o[0m
[8.896s] [ 35%] [32m[1mLinking CXX shared library libdomain_bridge__rosidl_typesupport_c.so[0m
[8.913s] [ 36%] [32m[1mLinking C shared library libdomain_bridge__rosidl_typesupport_introspection_c.so[0m
[8.954s] [ 36%] Built target domain_bridge__rosidl_typesupport_c
[8.960s] [ 36%] Built target domain_bridge__rosidl_typesupport_introspection_c
[9.072s] [ 37%] [32m[1mLinking CXX shared library libdomain_bridge__rosidl_typesupport_cpp.so[0m
[9.112s] [ 38%] [32m[1mLinking CXX shared library libdomain_bridge__rosidl_typesupport_introspection_cpp.so[0m
[9.126s] [ 38%] Built target domain_bridge__rosidl_typesupport_cpp
[9.165s] [ 44%] [32mBuilding CXX object CMakeFiles/domain_bridge_lib.dir/src/domain_bridge/component_manager.cpp.o[0m
[9.165s] [ 44%] [32mBuilding CXX object CMakeFiles/domain_bridge_lib.dir/src/domain_bridge/domain_bridge.cpp.o[0m
[9.165s] [ 44%] [32mBuilding CXX object CMakeFiles/domain_bridge_lib.dir/src/domain_bridge/parse_domain_bridge_yaml_config.cpp.o[0m
[9.165s] [ 44%] [32mBuilding CXX object CMakeFiles/domain_bridge_lib.dir/src/domain_bridge/compress_messages.cpp.o[0m
[9.165s] [ 45%] [32mBuilding CXX object CMakeFiles/domain_bridge_lib.dir/src/domain_bridge/domain_bridge_options.cpp.o[0m
[9.166s] [ 46%] [32mBuilding CXX object CMakeFiles/domain_bridge_lib.dir/src/domain_bridge/topic_bridge_options.cpp.o[0m
[9.167s] [ 48%] [32mBuilding CXX object CMakeFiles/domain_bridge_lib.dir/src/domain_bridge/service_bridge_options.cpp.o[0m
[9.167s] [ 49%] [32mBuilding CXX object CMakeFiles/domain_bridge_lib.dir/src/domain_bridge/qos_options.cpp.o[0m
[9.194s] [ 49%] Built target domain_bridge__rosidl_typesupport_introspection_cpp
[9.223s] [ 50%] [32m[1mLinking CXX shared library libdomain_bridge__rosidl_typesupport_fastrtps_c.so[0m
[9.256s] [ 51%] [32m[1mLinking CXX shared library libdomain_bridge__rosidl_typesupport_fastrtps_cpp.so[0m
[9.279s] [ 51%] Built target domain_bridge__rosidl_typesupport_fastrtps_c
[9.341s] [ 51%] Built target domain_bridge__rosidl_typesupport_fastrtps_cpp
[9.377s] [ 51%] Built target domain_bridge
[9.413s] [ 53%] [34m[1mGenerating Python code for ROS interfaces[0m
[9.711s] [ 53%] Built target domain_bridge__py
[9.747s] [ 54%] [32mBuilding C object CMakeFiles/domain_bridge__rosidl_generator_py.dir/rosidl_generator_py/domain_bridge/msg/_compressed_msg_s.c.o[0m
[9.886s] [ 55%] [32m[1mLinking C shared library libdomain_bridge__rosidl_generator_py.so[0m
[9.941s] [ 55%] Built target domain_bridge__rosidl_generator_py
[9.978s] [ 57%] [32mBuilding C object CMakeFiles/domain_bridge_s__rosidl_typesupport_introspection_c.dir/rosidl_generator_py/domain_bridge/_domain_bridge_s.ep.rosidl_typesupport_introspection_c.c.o[0m
[9.980s] [ 58%] [32mBuilding C object CMakeFiles/domain_bridge_s__rosidl_typesupport_c.dir/rosidl_generator_py/domain_bridge/_domain_bridge_s.ep.rosidl_typesupport_c.c.o[0m
[9.981s] [ 59%] [32mBuilding C object CMakeFiles/domain_bridge_s__rosidl_typesupport_fastrtps_c.dir/rosidl_generator_py/domain_bridge/_domain_bridge_s.ep.rosidl_typesupport_fastrtps_c.c.o[0m
[10.078s] [ 62%] [32m[1mLinking C shared module rosidl_generator_py/domain_bridge/domain_bridge_s__rosidl_typesupport_c.so[0m
[10.079s] [ 62%] [32m[1mLinking C shared module rosidl_generator_py/domain_bridge/domain_bridge_s__rosidl_typesupport_introspection_c.so[0m
[10.083s] [ 63%] [32m[1mLinking C shared module rosidl_generator_py/domain_bridge/domain_bridge_s__rosidl_typesupport_fastrtps_c.so[0m
[10.122s] [ 63%] Built target domain_bridge_s__rosidl_typesupport_c
[10.122s] [ 63%] Built target domain_bridge_s__rosidl_typesupport_introspection_c
[10.129s] [ 63%] Built target domain_bridge_s__rosidl_typesupport_fastrtps_c
[10.568s] [ 64%] [32m[1mLinking CXX executable test_component[0m
[10.931s] [ 64%] Built target test_component
[12.036s] [ 66%] [32m[1mLinking CXX shared library libdomain_bridge_test_component_lib.so[0m
[12.470s] [ 66%] Built target domain_bridge_test_component_lib
[14.473s] [ 67%] [32m[1mLinking CXX static library libgmock.a[0m
[14.570s] [ 67%] Built target gmock
[17.792s] [ 68%] [32m[1mLinking CXX shared library libdomain_bridge.so[0m
[18.188s] [ 68%] Built target domain_bridge_lib
[18.224s] [ 70%] [32mBuilding CXX object CMakeFiles/domain_bridge_exec.dir/src/domain_bridge.cpp.o[0m
[18.227s] [ 71%] [32mBuilding CXX object test/CMakeFiles/test_domain_bridge_end_to_end__rmw_fastrtps_cpp.dir/domain_bridge/test_domain_bridge_end_to_end.cpp.o[0m
[18.228s] [ 72%] [32mBuilding CXX object test/CMakeFiles/test_qos_matching__rmw_cyclonedds_cpp.dir/domain_bridge/test_qos_matching.cpp.o[0m
[18.228s] [ 75%] [32mBuilding CXX object test/CMakeFiles/test_domain_bridge_end_to_end__rmw_cyclonedds_cpp.dir/domain_bridge/test_domain_bridge_end_to_end.cpp.o[0m
[18.228s] [ 75%] [32mBuilding CXX object test/CMakeFiles/test_domain_bridge_end_to_end__rmw_fastrtps_dynamic_cpp.dir/domain_bridge/test_domain_bridge_end_to_end.cpp.o[0m
[18.228s] [ 76%] [32mBuilding CXX object test/CMakeFiles/test_qos_matching__rmw_fastrtps_dynamic_cpp.dir/domain_bridge/test_qos_matching.cpp.o[0m
[18.228s] [ 79%] [32mBuilding CXX object test/CMakeFiles/test_domain_bridge.dir/domain_bridge/test_domain_bridge.cpp.o[0m
[18.229s] [ 79%] [32mBuilding CXX object test/CMakeFiles/test_domain_bridge_services__rmw_cyclonedds_cpp.dir/domain_bridge/test_domain_bridge_services.cpp.o[0m
[18.229s] [ 80%] [32mBuilding CXX object test/CMakeFiles/test_domain_bridge_services__rmw_fastrtps_cpp.dir/domain_bridge/test_domain_bridge_services.cpp.o[0m
[18.229s] [ 81%] [32mBuilding CXX object test/CMakeFiles/test_parse_domain_bridge_yaml_config.dir/domain_bridge/test_parse_domain_bridge_yaml_config.cpp.o[0m
[18.229s] [ 83%] [32mBuilding CXX object test/CMakeFiles/test_domain_bridge_services__rmw_fastrtps_dynamic_cpp.dir/domain_bridge/test_domain_bridge_services.cpp.o[0m
[18.230s] [ 84%] [32mBuilding CXX object test/CMakeFiles/test_qos_matching__rmw_fastrtps_cpp.dir/domain_bridge/test_qos_matching.cpp.o[0m
[20.777s] [ 85%] [32m[1mLinking CXX executable test_parse_domain_bridge_yaml_config[0m
[21.003s] [ 85%] Built target test_parse_domain_bridge_yaml_config
[21.196s] [ 87%] [32m[1mLinking CXX executable domain_bridge[0m
[21.620s] [ 87%] Built target domain_bridge_exec
[21.681s] [ 88%] [32m[1mLinking CXX executable test_domain_bridge[0m
[22.104s] [ 88%] Built target test_domain_bridge
[22.149s] [ 89%] [32m[1mLinking CXX executable test_domain_bridge_services__rmw_fastrtps_cpp[0m
[22.174s] [ 90%] [32m[1mLinking CXX executable test_domain_bridge_services__rmw_fastrtps_dynamic_cpp[0m
[22.218s] [ 92%] [32m[1mLinking CXX executable test_qos_matching__rmw_fastrtps_cpp[0m
[22.222s] [ 93%] [32m[1mLinking CXX executable test_domain_bridge_services__rmw_cyclonedds_cpp[0m
[22.225s] [ 94%] [32m[1mLinking CXX executable test_qos_matching__rmw_fastrtps_dynamic_cpp[0m
[22.247s] [ 96%] [32m[1mLinking CXX executable test_qos_matching__rmw_cyclonedds_cpp[0m
[22.687s] [ 96%] Built target test_domain_bridge_services__rmw_fastrtps_cpp
[22.717s] [ 96%] Built target test_domain_bridge_services__rmw_fastrtps_dynamic_cpp
[22.758s] [ 96%] Built target test_domain_bridge_services__rmw_cyclonedds_cpp
[22.764s] [ 96%] Built target test_qos_matching__rmw_fastrtps_dynamic_cpp
[22.767s] [ 96%] Built target test_qos_matching__rmw_fastrtps_cpp
[22.795s] [ 96%] Built target test_qos_matching__rmw_cyclonedds_cpp
[31.537s] [ 97%] [32m[1mLinking CXX executable test_domain_bridge_end_to_end__rmw_fastrtps_dynamic_cpp[0m
[31.599s] [ 98%] [32m[1mLinking CXX executable test_domain_bridge_end_to_end__rmw_cyclonedds_cpp[0m
[31.600s] [100%] [32m[1mLinking CXX executable test_domain_bridge_end_to_end__rmw_fastrtps_cpp[0m
[32.039s] [100%] Built target test_domain_bridge_end_to_end__rmw_fastrtps_dynamic_cpp
[32.100s] [100%] Built target test_domain_bridge_end_to_end__rmw_cyclonedds_cpp
[32.110s] [100%] Built target test_domain_bridge_end_to_end__rmw_fastrtps_cpp
[32.129s] Invoked command in '/home/syfra/Hybridation_Anis/c-its/domain_bridge_jazzy/build/domain_bridge' returned '0': CMAKE_PREFIX_PATH=${CMAKE_PREFIX_PATH}:/home/syfra/ros2_jazzy/install/rqt_bag_plugins:/home/syfra/ros2_jazzy/install/launch_testing_examples:/home/syfra/ros2_jazzy/install/ros2bag:/home/syfra/ros2_jazzy/install/rqt_bag:/home/syfra/ros2_jazzy/install/rosbag2_examples_py:/home/syfra/ros2_jazzy/install/tracetools_test:/home/syfra/ros2_jazzy/install/tracetools_launch:/home/syfra/ros2_jazzy/install/topic_monitor:/home/syfra/ros2_jazzy/install/tf2_tools:/home/syfra/ros2_jazzy/install/examples_tf2_py:/home/syfra/ros2_jazzy/install/tf2_ros_py:/home/syfra/ros2_jazzy/install/examples_rclpy_pointcloud_publisher:/home/syfra/ros2_jazzy/install/sensor_msgs_py:/home/syfra/ros2_jazzy/install/quality_of_service_demo_py:/home/syfra/ros2_jazzy/install/camera_info_manager_py:/home/syfra/ros2_jazzy/install/rqt_plot:/home/syfra/ros2_jazzy/install/ros2doctor:/home/syfra/ros2_jazzy/install/lifecycle_py:/home/syfra/ros2_jazzy/install/examples_rclpy_minimal_subscriber:/home/syfra/ros2_jazzy/install/examples_rclpy_minimal_service:/home/syfra/ros2_jazzy/install/examples_rclpy_minimal_publisher:/home/syfra/ros2_jazzy/install/examples_rclpy_minimal_client:/home/syfra/ros2_jazzy/install/examples_rclpy_executors:/home/syfra/ros2_jazzy/install/demo_nodes_py:/home/syfra/ros2_jazzy/install/rqt:/home/syfra/ros2_jazzy/install/ros2component:/home/syfra/ros2_jazzy/install/sros2:/home/syfra/ros2_jazzy/install/rqt_topic:/home/syfra/ros2_jazzy/install/rqt_srv:/home/syfra/ros2_jazzy/install/rqt_shell:/home/syfra/ros2_jazzy/install/rqt_service_caller:/home/syfra/ros2_jazzy/install/rqt_reconfigure:/home/syfra/ros2_jazzy/install/rqt_py_console:/home/syfra/ros2_jazzy/install/rqt_publisher:/home/syfra/ros2_jazzy/install/rqt_action:/home/syfra/ros2_jazzy/install/rqt_msg:/home/syfra/ros2_jazzy/install/rqt_console:/home/syfra/ros2_jazzy/install/rqt_graph:/home/syfra/ros2_jazzy/install/rqt_gui_py:/home/syfra/ros2_jazzy/install/rqt_gui:/home/syfra/ros2_jazzy/install/ros2trace:/home/syfra/ros2_jazzy/install/ros2param:/home/syfra/ros2_jazzy/install/ros2lifecycle:/home/syfra/ros2_jazzy/install/ros2service:/home/syfra/ros2_jazzy/install/ros2topic:/home/syfra/ros2_jazzy/install/ros2test:/home/syfra/ros2_jazzy/install/ros2run:/home/syfra/ros2_jazzy/install/ros2plugin:/home/syfra/ros2_jazzy/install/ros2launch:/home/syfra/ros2_jazzy/install/ros2pkg:/home/syfra/ros2_jazzy/install/ros2node:/home/syfra/ros2_jazzy/install/ros2multicast:/home/syfra/ros2_jazzy/install/ros2interface:/home/syfra/ros2_jazzy/install/ros2action:/home/syfra/ros2_jazzy/install/ros2cli:/home/syfra/ros2_jazzy/install/launch_testing_ros:/home/syfra/ros2_jazzy/install/launch_ros:/home/syfra/ros2_jazzy/install/examples_rclpy_minimal_action_server:/home/syfra/ros2_jazzy/install/examples_rclpy_minimal_action_client:/home/syfra/ros2_jazzy/install/examples_rclpy_guard_conditions:/home/syfra/ros2_jazzy/install/action_tutorials_py:/home/syfra/ros2_jazzy/install/ament_uncrustify:/home/syfra/ros2_jazzy/install/tracetools_trace:/home/syfra/ros2_jazzy/install/tracetools_read:/home/syfra/ros2_jazzy/install/test_tracetools_launch:/home/syfra/ros2_jazzy/install/test_ros2trace:/home/syfra/ros2_jazzy/install/test_launch_ros:/home/syfra/ros2_jazzy/install/rpyutils:/home/syfra/ros2_jazzy/install/rosidl_runtime_py:/home/syfra/ros2_jazzy/install/rosidl_pycommon:/home/syfra/ros2_jazzy/install/rosidl_cli:/home/syfra/ros2_jazzy/install/launch_pytest:/home/syfra/ros2_jazzy/install/launch_testing:/home/syfra/ros2_jazzy/install/launch_yaml:/home/syfra/ros2_jazzy/install/launch_xml:/home/syfra/ros2_jazzy/install/launch:/home/syfra/ros2_jazzy/install/osrf_pycommon:/home/syfra/ros2_jazzy/install/domain_coordinator:/home/syfra/ros2_jazzy/install/ament_xmllint:/home/syfra/ros2_jazzy/install/ament_pyflakes:/home/syfra/ros2_jazzy/install/ament_pycodestyle:/home/syfra/ros2_jazzy/install/ament_pep257:/home/syfra/ros2_jazzy/install/ament_pclint:/home/syfra/ros2_jazzy/install/ament_package:/home/syfra/ros2_jazzy/install/ament_mypy:/home/syfra/ros2_jazzy/install/ament_lint_cmake:/home/syfra/ros2_jazzy/install/ament_flake8:/home/syfra/ros2_jazzy/install/ament_copyright:/home/syfra/ros2_jazzy/install/ament_lint:/home/syfra/ros2_jazzy/install/ament_index_python:/home/syfra/ros2_jazzy/install/ament_cpplint:/home/syfra/ros2_jazzy/install/ament_cppcheck:/home/syfra/ros2_jazzy/install/ament_clang_tidy:/home/syfra/ros2_jazzy/install/ament_clang_format:/opt/ros/jazzy DEBUGINFOD_URLS=https://debuginfod.ubuntu.com /usr/bin/cmake --build /home/syfra/Hybridation_Anis/c-its/domain_bridge_jazzy/build/domain_bridge -- -j48 -l48
[32.145s] Invoking command in '/home/syfra/Hybridation_Anis/c-its/domain_bridge_jazzy/build/domain_bridge': CMAKE_PREFIX_PATH=${CMAKE_PREFIX_PATH}:/home/syfra/ros2_jazzy/install/rqt_bag_plugins:/home/syfra/ros2_jazzy/install/launch_testing_examples:/home/syfra/ros2_jazzy/install/ros2bag:/home/syfra/ros2_jazzy/install/rqt_bag:/home/syfra/ros2_jazzy/install/rosbag2_examples_py:/home/syfra/ros2_jazzy/install/tracetools_test:/home/syfra/ros2_jazzy/install/tracetools_launch:/home/syfra/ros2_jazzy/install/topic_monitor:/home/syfra/ros2_jazzy/install/tf2_tools:/home/syfra/ros2_jazzy/install/examples_tf2_py:/home/syfra/ros2_jazzy/install/tf2_ros_py:/home/syfra/ros2_jazzy/install/examples_rclpy_pointcloud_publisher:/home/syfra/ros2_jazzy/install/sensor_msgs_py:/home/syfra/ros2_jazzy/install/quality_of_service_demo_py:/home/syfra/ros2_jazzy/install/camera_info_manager_py:/home/syfra/ros2_jazzy/install/rqt_plot:/home/syfra/ros2_jazzy/install/ros2doctor:/home/syfra/ros2_jazzy/install/lifecycle_py:/home/syfra/ros2_jazzy/install/examples_rclpy_minimal_subscriber:/home/syfra/ros2_jazzy/install/examples_rclpy_minimal_service:/home/syfra/ros2_jazzy/install/examples_rclpy_minimal_publisher:/home/syfra/ros2_jazzy/install/examples_rclpy_minimal_client:/home/syfra/ros2_jazzy/install/examples_rclpy_executors:/home/syfra/ros2_jazzy/install/demo_nodes_py:/home/syfra/ros2_jazzy/install/rqt:/home/syfra/ros2_jazzy/install/ros2component:/home/syfra/ros2_jazzy/install/sros2:/home/syfra/ros2_jazzy/install/rqt_topic:/home/syfra/ros2_jazzy/install/rqt_srv:/home/syfra/ros2_jazzy/install/rqt_shell:/home/syfra/ros2_jazzy/install/rqt_service_caller:/home/syfra/ros2_jazzy/install/rqt_reconfigure:/home/syfra/ros2_jazzy/install/rqt_py_console:/home/syfra/ros2_jazzy/install/rqt_publisher:/home/syfra/ros2_jazzy/install/rqt_action:/home/syfra/ros2_jazzy/install/rqt_msg:/home/syfra/ros2_jazzy/install/rqt_console:/home/syfra/ros2_jazzy/install/rqt_graph:/home/syfra/ros2_jazzy/install/rqt_gui_py:/home/syfra/ros2_jazzy/install/rqt_gui:/home/syfra/ros2_jazzy/install/ros2trace:/home/syfra/ros2_jazzy/install/ros2param:/home/syfra/ros2_jazzy/install/ros2lifecycle:/home/syfra/ros2_jazzy/install/ros2service:/home/syfra/ros2_jazzy/install/ros2topic:/home/syfra/ros2_jazzy/install/ros2test:/home/syfra/ros2_jazzy/install/ros2run:/home/syfra/ros2_jazzy/install/ros2plugin:/home/syfra/ros2_jazzy/install/ros2launch:/home/syfra/ros2_jazzy/install/ros2pkg:/home/syfra/ros2_jazzy/install/ros2node:/home/syfra/ros2_jazzy/install/ros2multicast:/home/syfra/ros2_jazzy/install/ros2interface:/home/syfra/ros2_jazzy/install/ros2action:/home/syfra/ros2_jazzy/install/ros2cli:/home/syfra/ros2_jazzy/install/launch_testing_ros:/home/syfra/ros2_jazzy/install/launch_ros:/home/syfra/ros2_jazzy/install/examples_rclpy_minimal_action_server:/home/syfra/ros2_jazzy/install/examples_rclpy_minimal_action_client:/home/syfra/ros2_jazzy/install/examples_rclpy_guard_conditions:/home/syfra/ros2_jazzy/install/action_tutorials_py:/home/syfra/ros2_jazzy/install/ament_uncrustify:/home/syfra/ros2_jazzy/install/tracetools_trace:/home/syfra/ros2_jazzy/install/tracetools_read:/home/syfra/ros2_jazzy/install/test_tracetools_launch:/home/syfra/ros2_jazzy/install/test_ros2trace:/home/syfra/ros2_jazzy/install/test_launch_ros:/home/syfra/ros2_jazzy/install/rpyutils:/home/syfra/ros2_jazzy/install/rosidl_runtime_py:/home/syfra/ros2_jazzy/install/rosidl_pycommon:/home/syfra/ros2_jazzy/install/rosidl_cli:/home/syfra/ros2_jazzy/install/launch_pytest:/home/syfra/ros2_jazzy/install/launch_testing:/home/syfra/ros2_jazzy/install/launch_yaml:/home/syfra/ros2_jazzy/install/launch_xml:/home/syfra/ros2_jazzy/install/launch:/home/syfra/ros2_jazzy/install/osrf_pycommon:/home/syfra/ros2_jazzy/install/domain_coordinator:/home/syfra/ros2_jazzy/install/ament_xmllint:/home/syfra/ros2_jazzy/install/ament_pyflakes:/home/syfra/ros2_jazzy/install/ament_pycodestyle:/home/syfra/ros2_jazzy/install/ament_pep257:/home/syfra/ros2_jazzy/install/ament_pclint:/home/syfra/ros2_jazzy/install/ament_package:/home/syfra/ros2_jazzy/install/ament_mypy:/home/syfra/ros2_jazzy/install/ament_lint_cmake:/home/syfra/ros2_jazzy/install/ament_flake8:/home/syfra/ros2_jazzy/install/ament_copyright:/home/syfra/ros2_jazzy/install/ament_lint:/home/syfra/ros2_jazzy/install/ament_index_python:/home/syfra/ros2_jazzy/install/ament_cpplint:/home/syfra/ros2_jazzy/install/ament_cppcheck:/home/syfra/ros2_jazzy/install/ament_clang_tidy:/home/syfra/ros2_jazzy/install/ament_clang_format:/opt/ros/jazzy DEBUGINFOD_URLS=https://debuginfod.ubuntu.com /usr/bin/cmake --install /home/syfra/Hybridation_Anis/c-its/domain_bridge_jazzy/build/domain_bridge
[32.155s] -- Install configuration: "Release"
[32.155s] -- Installing: /home/syfra/Hybridation_Anis/c-its/domain_bridge_jazzy/install/domain_bridge/share/ament_index/resource_index/rosidl_interfaces/domain_bridge
[32.155s] -- Installing: /home/syfra/Hybridation_Anis/c-its/domain_bridge_jazzy/install/domain_bridge/share/domain_bridge/msg/CompressedMsg.json
[32.155s] -- Installing: /home/syfra/Hybridation_Anis/c-its/domain_bridge_jazzy/install/domain_bridge/include/domain_bridge/domain_bridge
[32.156s] -- Installing: /home/syfra/Hybridation_Anis/c-its/domain_bridge_jazzy/install/domain_bridge/include/domain_bridge/domain_bridge/msg
[32.156s] -- Installing: /home/syfra/Hybridation_Anis/c-its/domain_bridge_jazzy/install/domain_bridge/include/domain_bridge/domain_bridge/msg/detail
[32.156s] -- Installing: /home/syfra/Hybridation_Anis/c-its/domain_bridge_jazzy/install/domain_bridge/include/domain_bridge/domain_bridge/msg/detail/compressed_msg__functions.h
[32.156s] -- Installing: /home/syfra/Hybridation_Anis/c-its/domain_bridge_jazzy/install/domain_bridge/include/domain_bridge/domain_bridge/msg/detail/compressed_msg__description.c
[32.156s] -- Installing: /home/syfra/Hybridation_Anis/c-its/domain_bridge_jazzy/install/domain_bridge/include/domain_bridge/domain_bridge/msg/detail/compressed_msg__functions.c
[32.156s] -- Installing: /home/syfra/Hybridation_Anis/c-its/domain_bridge_jazzy/install/domain_bridge/include/domain_bridge/domain_bridge/msg/detail/compressed_msg__type_support.h
[32.156s] -- Installing: /home/syfra/Hybridation_Anis/c-its/domain_bridge_jazzy/install/domain_bridge/include/domain_bridge/domain_bridge/msg/detail/compressed_msg__type_support.c
[32.156s] -- Installing: /home/syfra/Hybridation_Anis/c-its/domain_bridge_jazzy/install/domain_bridge/include/domain_bridge/domain_bridge/msg/detail/compressed_msg__struct.h
[32.156s] -- Installing: /home/syfra/Hybridation_Anis/c-its/domain_bridge_jazzy/install/domain_bridge/include/domain_bridge/domain_bridge/msg/compressed_msg.h
[32.156s] -- Installing: /home/syfra/Hybridation_Anis/c-its/domain_bridge_jazzy/install/domain_bridge/include/domain_bridge/domain_bridge/msg/rosidl_generator_c__visibility_control.h
[32.156s] -- Installing: /home/syfra/Hybridation_Anis/c-its/domain_bridge_jazzy/install/domain_bridge/share/domain_bridge/environment/library_path.sh
[32.157s] -- Installing: /home/syfra/Hybridation_Anis/c-its/domain_bridge_jazzy/install/domain_bridge/share/domain_bridge/environment/library_path.dsv
[32.157s] -- Installing: /home/syfra/Hybridation_Anis/c-its/domain_bridge_jazzy/install/domain_bridge/lib/libdomain_bridge__rosidl_generator_c.so
[32.157s] -- Set non-toolchain portion of runtime path of "/home/syfra/Hybridation_Anis/c-its/domain_bridge_jazzy/install/domain_bridge/lib/libdomain_bridge__rosidl_generator_c.so" to ""
[32.157s] -- Up-to-date: /home/syfra/Hybridation_Anis/c-its/domain_bridge_jazzy/install/domain_bridge/include/domain_bridge/domain_bridge
[32.157s] -- Up-to-date: /home/syfra/Hybridation_Anis/c-its/domain_bridge_jazzy/install/domain_bridge/include/domain_bridge/domain_bridge/msg
[32.157s] -- Up-to-date: /home/syfra/Hybridation_Anis/c-its/domain_bridge_jazzy/install/domain_bridge/include/domain_bridge/domain_bridge/msg/detail
[32.157s] -- Installing: /home/syfra/Hybridation_Anis/c-its/domain_bridge_jazzy/install/domain_bridge/include/domain_bridge/domain_bridge/msg/detail/compressed_msg__rosidl_typesupport_fastrtps_c.h
[32.157s] -- Installing: /home/syfra/Hybridation_Anis/c-its/domain_bridge_jazzy/install/domain_bridge/include/domain_bridge/domain_bridge/msg/rosidl_typesupport_fastrtps_c__visibility_control.h
[32.157s] -- Installing: /home/syfra/Hybridation_Anis/c-its/domain_bridge_jazzy/install/domain_bridge/lib/libdomain_bridge__rosidl_typesupport_fastrtps_c.so
[32.157s] -- Set non-toolchain portion of runtime path of "/home/syfra/Hybridation_Anis/c-its/domain_bridge_jazzy/install/domain_bridge/lib/libdomain_bridge__rosidl_typesupport_fastrtps_c.so" to ""
[32.157s] -- Up-to-date: /home/syfra/Hybridation_Anis/c-its/domain_bridge_jazzy/install/domain_bridge/include/domain_bridge/domain_bridge
[32.157s] -- Up-to-date: /home/syfra/Hybridation_Anis/c-its/domain_bridge_jazzy/install/domain_bridge/include/domain_bridge/domain_bridge/msg
[32.158s] -- Installing: /home/syfra/Hybridation_Anis/c-its/domain_bridge_jazzy/install/domain_bridge/include/domain_bridge/domain_bridge/msg/compressed_msg.hpp
[32.158s] -- Installing: /home/syfra/Hybridation_Anis/c-its/domain_bridge_jazzy/install/domain_bridge/include/domain_bridge/domain_bridge/msg/rosidl_generator_cpp__visibility_control.hpp
[32.158s] -- Up-to-date: /home/syfra/Hybridation_Anis/c-its/domain_bridge_jazzy/install/domain_bridge/include/domain_bridge/domain_bridge/msg/detail
[32.158s] -- Installing: /home/syfra/Hybridation_Anis/c-its/domain_bridge_jazzy/install/domain_bridge/include/domain_bridge/domain_bridge/msg/detail/compressed_msg__type_support.hpp
[32.158s] -- Installing: /home/syfra/Hybridation_Anis/c-its/domain_bridge_jazzy/install/domain_bridge/include/domain_bridge/domain_bridge/msg/detail/compressed_msg__traits.hpp
[32.158s] -- Installing: /home/syfra/Hybridation_Anis/c-its/domain_bridge_jazzy/install/domain_bridge/include/domain_bridge/domain_bridge/msg/detail/compressed_msg__builder.hpp
[32.158s] -- Installing: /home/syfra/Hybridation_Anis/c-its/domain_bridge_jazzy/install/domain_bridge/include/domain_bridge/domain_bridge/msg/detail/compressed_msg__struct.hpp
[32.158s] -- Up-to-date: /home/syfra/Hybridation_Anis/c-its/domain_bridge_jazzy/install/domain_bridge/include/domain_bridge/domain_bridge
[32.158s] -- Up-to-date: /home/syfra/Hybridation_Anis/c-its/domain_bridge_jazzy/install/domain_bridge/include/domain_bridge/domain_bridge/msg
[32.158s] -- Up-to-date: /home/syfra/Hybridation_Anis/c-its/domain_bridge_jazzy/install/domain_bridge/include/domain_bridge/domain_bridge/msg/detail
[32.158s] -- Installing: /home/syfra/Hybridation_Anis/c-its/domain_bridge_jazzy/install/domain_bridge/include/domain_bridge/domain_bridge/msg/detail/compressed_msg__rosidl_typesupport_fastrtps_cpp.hpp
[32.158s] -- Installing: /home/syfra/Hybridation_Anis/c-its/domain_bridge_jazzy/install/domain_bridge/include/domain_bridge/domain_bridge/msg/detail/dds_fastrtps
[32.158s] -- Installing: /home/syfra/Hybridation_Anis/c-its/domain_bridge_jazzy/install/domain_bridge/include/domain_bridge/domain_bridge/msg/rosidl_typesupport_fastrtps_cpp__visibility_control.h
[32.158s] -- Installing: /home/syfra/Hybridation_Anis/c-its/domain_bridge_jazzy/install/domain_bridge/lib/libdomain_bridge__rosidl_typesupport_fastrtps_cpp.so
[32.158s] -- Set non-toolchain portion of runtime path of "/home/syfra/Hybridation_Anis/c-its/domain_bridge_jazzy/install/domain_bridge/lib/libdomain_bridge__rosidl_typesupport_fastrtps_cpp.so" to ""
[32.158s] -- Up-to-date: /home/syfra/Hybridation_Anis/c-its/domain_bridge_jazzy/install/domain_bridge/include/domain_bridge/domain_bridge
[32.158s] -- Up-to-date: /home/syfra/Hybridation_Anis/c-its/domain_bridge_jazzy/install/domain_bridge/include/domain_bridge/domain_bridge/msg
[32.158s] -- Up-to-date: /home/syfra/Hybridation_Anis/c-its/domain_bridge_jazzy/install/domain_bridge/include/domain_bridge/domain_bridge/msg/detail
[32.158s] -- Up-to-date: /home/syfra/Hybridation_Anis/c-its/domain_bridge_jazzy/install/domain_bridge/include/domain_bridge/domain_bridge/msg/detail/compressed_msg__type_support.c
[32.159s] -- Installing: /home/syfra/Hybridation_Anis/c-its/domain_bridge_jazzy/install/domain_bridge/include/domain_bridge/domain_bridge/msg/detail/compressed_msg__rosidl_typesupport_introspection_c.h
[32.159s] -- Installing: /home/syfra/Hybridation_Anis/c-its/domain_bridge_jazzy/install/domain_bridge/include/domain_bridge/domain_bridge/msg/rosidl_typesupport_introspection_c__visibility_control.h
[32.159s] -- Installing: /home/syfra/Hybridation_Anis/c-its/domain_bridge_jazzy/install/domain_bridge/lib/libdomain_bridge__rosidl_typesupport_introspection_c.so
[32.159s] -- Set non-toolchain portion of runtime path of "/home/syfra/Hybridation_Anis/c-its/domain_bridge_jazzy/install/domain_bridge/lib/libdomain_bridge__rosidl_typesupport_introspection_c.so" to ""
[32.159s] -- Installing: /home/syfra/Hybridation_Anis/c-its/domain_bridge_jazzy/install/domain_bridge/lib/libdomain_bridge__rosidl_typesupport_c.so
[32.159s] -- Set non-toolchain portion of runtime path of "/home/syfra/Hybridation_Anis/c-its/domain_bridge_jazzy/install/domain_bridge/lib/libdomain_bridge__rosidl_typesupport_c.so" to ""
[32.159s] -- Up-to-date: /home/syfra/Hybridation_Anis/c-its/domain_bridge_jazzy/install/domain_bridge/include/domain_bridge/domain_bridge
[32.159s] -- Up-to-date: /home/syfra/Hybridation_Anis/c-its/domain_bridge_jazzy/install/domain_bridge/include/domain_bridge/domain_bridge/msg
[32.159s] -- Up-to-date: /home/syfra/Hybridation_Anis/c-its/domain_bridge_jazzy/install/domain_bridge/include/domain_bridge/domain_bridge/msg/detail
[32.159s] -- Installing: /home/syfra/Hybridation_Anis/c-its/domain_bridge_jazzy/install/domain_bridge/include/domain_bridge/domain_bridge/msg/detail/compressed_msg__rosidl_typesupport_introspection_cpp.hpp
[32.159s] -- Installing: /home/syfra/Hybridation_Anis/c-its/domain_bridge_jazzy/install/domain_bridge/include/domain_bridge/domain_bridge/msg/detail/compressed_msg__type_support.cpp
[32.159s] -- Installing: /home/syfra/Hybridation_Anis/c-its/domain_bridge_jazzy/install/domain_bridge/lib/libdomain_bridge__rosidl_typesupport_introspection_cpp.so
[32.159s] -- Set non-toolchain portion of runtime path of "/home/syfra/Hybridation_Anis/c-its/domain_bridge_jazzy/install/domain_bridge/lib/libdomain_bridge__rosidl_typesupport_introspection_cpp.so" to ""
[32.159s] -- Installing: /home/syfra/Hybridation_Anis/c-its/domain_bridge_jazzy/install/domain_bridge/lib/libdomain_bridge__rosidl_typesupport_cpp.so
[32.159s] -- Set non-toolchain portion of runtime path of "/home/syfra/Hybridation_Anis/c-its/domain_bridge_jazzy/install/domain_bridge/lib/libdomain_bridge__rosidl_typesupport_cpp.so" to ""
[32.159s] -- Installing: /home/syfra/Hybridation_Anis/c-its/domain_bridge_jazzy/install/domain_bridge/share/domain_bridge/environment/pythonpath.sh
[32.159s] -- Installing: /home/syfra/Hybridation_Anis/c-its/domain_bridge_jazzy/install/domain_bridge/share/domain_bridge/environment/pythonpath.dsv
[32.159s] -- Installing: /home/syfra/Hybridation_Anis/c-its/domain_bridge_jazzy/install/domain_bridge/lib/python3.12/site-packages/domain_bridge-0.5.0-py3.12.egg-info
[32.159s] -- Installing: /home/syfra/Hybridation_Anis/c-its/domain_bridge_jazzy/install/domain_bridge/lib/python3.12/site-packages/domain_bridge-0.5.0-py3.12.egg-info/top_level.txt
[32.160s] -- Installing: /home/syfra/Hybridation_Anis/c-its/domain_bridge_jazzy/install/domain_bridge/lib/python3.12/site-packages/domain_bridge-0.5.0-py3.12.egg-info/SOURCES.txt
[32.160s] -- Installing: /home/syfra/Hybridation_Anis/c-its/domain_bridge_jazzy/install/domain_bridge/lib/python3.12/site-packages/domain_bridge-0.5.0-py3.12.egg-info/PKG-INFO
[32.160s] -- Installing: /home/syfra/Hybridation_Anis/c-its/domain_bridge_jazzy/install/domain_bridge/lib/python3.12/site-packages/domain_bridge-0.5.0-py3.12.egg-info/dependency_links.txt
[32.160s] -- Installing: /home/syfra/Hybridation_Anis/c-its/domain_bridge_jazzy/install/domain_bridge/lib/python3.12/site-packages/domain_bridge
[32.160s] -- Installing: /home/syfra/Hybridation_Anis/c-its/domain_bridge_jazzy/install/domain_bridge/lib/python3.12/site-packages/domain_bridge/domain_bridge_s__rosidl_typesupport_introspection_c.so
[32.160s] -- Installing: /home/syfra/Hybridation_Anis/c-its/domain_bridge_jazzy/install/domain_bridge/lib/python3.12/site-packages/domain_bridge/_domain_bridge_s.ep.rosidl_typesupport_introspection_c.c
[32.160s] -- Installing: /home/syfra/Hybridation_Anis/c-its/domain_bridge_jazzy/install/domain_bridge/lib/python3.12/site-packages/domain_bridge/_domain_bridge_s.ep.rosidl_typesupport_fastrtps_c.c
[32.160s] -- Installing: /home/syfra/Hybridation_Anis/c-its/domain_bridge_jazzy/install/domain_bridge/lib/python3.12/site-packages/domain_bridge/__init__.py
[32.160s] -- Installing: /home/syfra/Hybridation_Anis/c-its/domain_bridge_jazzy/install/domain_bridge/lib/python3.12/site-packages/domain_bridge/msg
[32.160s] -- Installing: /home/syfra/Hybridation_Anis/c-its/domain_bridge_jazzy/install/domain_bridge/lib/python3.12/site-packages/domain_bridge/msg/_compressed_msg.py
[32.160s] -- Installing: /home/syfra/Hybridation_Anis/c-its/domain_bridge_jazzy/install/domain_bridge/lib/python3.12/site-packages/domain_bridge/msg/__init__.py
[32.160s] -- Installing: /home/syfra/Hybridation_Anis/c-its/domain_bridge_jazzy/install/domain_bridge/lib/python3.12/site-packages/domain_bridge/msg/_compressed_msg_s.c
[32.160s] -- Installing: /home/syfra/Hybridation_Anis/c-its/domain_bridge_jazzy/install/domain_bridge/lib/python3.12/site-packages/domain_bridge/domain_bridge_s__rosidl_typesupport_c.so
[32.160s] -- Installing: /home/syfra/Hybridation_Anis/c-its/domain_bridge_jazzy/install/domain_bridge/lib/python3.12/site-packages/domain_bridge/domain_bridge_s__rosidl_typesupport_fastrtps_c.so
[32.160s] -- Installing: /home/syfra/Hybridation_Anis/c-its/domain_bridge_jazzy/install/domain_bridge/lib/python3.12/site-packages/domain_bridge/_domain_bridge_s.ep.rosidl_typesupport_c.c
[32.247s] Listing '/home/syfra/Hybridation_Anis/c-its/domain_bridge_jazzy/install/domain_bridge/lib/python3.12/site-packages/domain_bridge'...
[32.247s] Compiling '/home/syfra/Hybridation_Anis/c-its/domain_bridge_jazzy/install/domain_bridge/lib/python3.12/site-packages/domain_bridge/__init__.py'...
[32.248s] Listing '/home/syfra/Hybridation_Anis/c-its/domain_bridge_jazzy/install/domain_bridge/lib/python3.12/site-packages/domain_bridge/msg'...
[32.248s] Compiling '/home/syfra/Hybridation_Anis/c-its/domain_bridge_jazzy/install/domain_bridge/lib/python3.12/site-packages/domain_bridge/msg/__init__.py'...
[32.248s] Compiling '/home/syfra/Hybridation_Anis/c-its/domain_bridge_jazzy/install/domain_bridge/lib/python3.12/site-packages/domain_bridge/msg/_compressed_msg.py'...
[32.252s] -- Installing: /home/syfra/Hybridation_Anis/c-its/domain_bridge_jazzy/install/domain_bridge/lib/python3.12/site-packages/domain_bridge/domain_bridge_s__rosidl_typesupport_introspection_c.so
[32.252s] -- Set non-toolchain portion of runtime path of "/home/syfra/Hybridation_Anis/c-its/domain_bridge_jazzy/install/domain_bridge/lib/python3.12/site-packages/domain_bridge/domain_bridge_s__rosidl_typesupport_introspection_c.so" to ""
[32.252s] -- Installing: /home/syfra/Hybridation_Anis/c-its/domain_bridge_jazzy/install/domain_bridge/lib/python3.12/site-packages/domain_bridge/domain_bridge_s__rosidl_typesupport_fastrtps_c.so
[32.252s] -- Set non-toolchain portion of runtime path of "/home/syfra/Hybridation_Anis/c-its/domain_bridge_jazzy/install/domain_bridge/lib/python3.12/site-packages/domain_bridge/domain_bridge_s__rosidl_typesupport_fastrtps_c.so" to ""
[32.252s] -- Installing: /home/syfra/Hybridation_Anis/c-its/domain_bridge_jazzy/install/domain_bridge/lib/python3.12/site-packages/domain_bridge/domain_bridge_s__rosidl_typesupport_c.so
[32.252s] -- Set non-toolchain portion of runtime path of "/home/syfra/Hybridation_Anis/c-its/domain_bridge_jazzy/install/domain_bridge/lib/python3.12/site-packages/domain_bridge/domain_bridge_s__rosidl_typesupport_c.so" to ""
[32.253s] -- Installing: /home/syfra/Hybridation_Anis/c-its/domain_bridge_jazzy/install/domain_bridge/lib/libdomain_bridge__rosidl_generator_py.so
[32.253s] -- Set non-toolchain portion of runtime path of "/home/syfra/Hybridation_Anis/c-its/domain_bridge_jazzy/install/domain_bridge/lib/libdomain_bridge__rosidl_generator_py.so" to ""
[32.253s] -- Installing: /home/syfra/Hybridation_Anis/c-its/domain_bridge_jazzy/install/domain_bridge/share/ament_index/resource_index/rust_packages/domain_bridge
[32.253s] -- Installing: /home/syfra/Hybridation_Anis/c-its/domain_bridge_jazzy/install/domain_bridge/share/domain_bridge/rust
[32.253s] -- Installing: /home/syfra/Hybridation_Anis/c-its/domain_bridge_jazzy/install/domain_bridge/share/domain_bridge/rust/Cargo.toml
[32.253s] -- Installing: /home/syfra/Hybridation_Anis/c-its/domain_bridge_jazzy/install/domain_bridge/share/domain_bridge/rust/build.rs
[32.253s] -- Installing: /home/syfra/Hybridation_Anis/c-its/domain_bridge_jazzy/install/domain_bridge/share/domain_bridge/rust/src
[32.253s] -- Installing: /home/syfra/Hybridation_Anis/c-its/domain_bridge_jazzy/install/domain_bridge/share/domain_bridge/rust/src/msg
[32.254s] -- Installing: /home/syfra/Hybridation_Anis/c-its/domain_bridge_jazzy/install/domain_bridge/share/domain_bridge/rust/src/msg/rmw.rs
[32.254s] -- Installing: /home/syfra/Hybridation_Anis/c-its/domain_bridge_jazzy/install/domain_bridge/share/domain_bridge/rust/src/msg.rs
[32.254s] -- Installing: /home/syfra/Hybridation_Anis/c-its/domain_bridge_jazzy/install/domain_bridge/share/domain_bridge/rust/src/lib.rs
[32.254s] -- Installing: /home/syfra/Hybridation_Anis/c-its/domain_bridge_jazzy/install/domain_bridge/share/domain_bridge/msg/CompressedMsg.idl
[32.254s] -- Installing: /home/syfra/Hybridation_Anis/c-its/domain_bridge_jazzy/install/domain_bridge/share/domain_bridge/msg/CompressedMsg.msg
[32.254s] -- Up-to-date: /home/syfra/Hybridation_Anis/c-its/domain_bridge_jazzy/install/domain_bridge/include
[32.254s] -- Up-to-date: /home/syfra/Hybridation_Anis/c-its/domain_bridge_jazzy/install/domain_bridge/include/domain_bridge
[32.254s] -- Installing: /home/syfra/Hybridation_Anis/c-its/domain_bridge_jazzy/install/domain_bridge/include/domain_bridge/component_manager.hpp
[32.254s] -- Installing: /home/syfra/Hybridation_Anis/c-its/domain_bridge_jazzy/install/domain_bridge/include/domain_bridge/topic_bridge_options.hpp
[32.255s] -- Installing: /home/syfra/Hybridation_Anis/c-its/domain_bridge_jazzy/install/domain_bridge/include/domain_bridge/compress_messages.hpp
[32.255s] -- Installing: /home/syfra/Hybridation_Anis/c-its/domain_bridge_jazzy/install/domain_bridge/include/domain_bridge/domain_bridge_options.hpp
[32.255s] -- Installing: /home/syfra/Hybridation_Anis/c-its/domain_bridge_jazzy/install/domain_bridge/include/domain_bridge/process_cmd_line_arguments.hpp
[32.255s] -- Installing: /home/syfra/Hybridation_Anis/c-its/domain_bridge_jazzy/install/domain_bridge/include/domain_bridge/service_bridge_impl.inc
[32.255s] -- Installing: /home/syfra/Hybridation_Anis/c-its/domain_bridge_jazzy/install/domain_bridge/include/domain_bridge/visibility_control.hpp
[32.255s] -- Installing: /home/syfra/Hybridation_Anis/c-its/domain_bridge_jazzy/install/domain_bridge/include/domain_bridge/domain_bridge_config.hpp
[32.255s] -- Installing: /home/syfra/Hybridation_Anis/c-its/domain_bridge_jazzy/install/domain_bridge/include/domain_bridge/domain_bridge.hpp
[32.255s] -- Installing: /home/syfra/Hybridation_Anis/c-its/domain_bridge_jazzy/install/domain_bridge/include/domain_bridge/service_bridge_options.hpp
[32.255s] -- Installing: /home/syfra/Hybridation_Anis/c-its/domain_bridge_jazzy/install/domain_bridge/include/domain_bridge/topic_bridge.hpp
[32.255s] -- Installing: /home/syfra/Hybridation_Anis/c-its/domain_bridge_jazzy/install/domain_bridge/include/domain_bridge/qos_options.hpp
[32.255s] -- Installing: /home/syfra/Hybridation_Anis/c-its/domain_bridge_jazzy/install/domain_bridge/include/domain_bridge/parse_domain_bridge_yaml_config.hpp
[32.256s] -- Installing: /home/syfra/Hybridation_Anis/c-its/domain_bridge_jazzy/install/domain_bridge/lib/domain_bridge/domain_bridge
[32.256s] -- Set non-toolchain portion of runtime path of "/home/syfra/Hybridation_Anis/c-its/domain_bridge_jazzy/install/domain_bridge/lib/domain_bridge/domain_bridge" to ""
[32.256s] -- Installing: /home/syfra/Hybridation_Anis/c-its/domain_bridge_jazzy/install/domain_bridge/lib/libdomain_bridge.so
[32.256s] -- Set non-toolchain portion of runtime path of "/home/syfra/Hybridation_Anis/c-its/domain_bridge_jazzy/install/domain_bridge/lib/libdomain_bridge.so" to ""
[32.256s] -- Installing: /home/syfra/Hybridation_Anis/c-its/domain_bridge_jazzy/install/domain_bridge/share/domain_bridge/examples
[32.256s] -- Installing: /home/syfra/Hybridation_Anis/c-its/domain_bridge_jazzy/install/domain_bridge/share/domain_bridge/examples/bridge_config.yaml
[32.256s] -- Installing: /home/syfra/Hybridation_Anis/c-its/domain_bridge_jazzy/install/domain_bridge/share/domain_bridge/launch
[32.256s] -- Installing: /home/syfra/Hybridation_Anis/c-its/domain_bridge_jazzy/install/domain_bridge/share/domain_bridge/launch/domain_bridge.launch.xml
[32.256s] -- Installing: /home/syfra/Hybridation_Anis/c-its/domain_bridge_jazzy/install/domain_bridge/lib/domain_bridge/test_component
[32.256s] -- Set non-toolchain portion of runtime path of "/home/syfra/Hybridation_Anis/c-its/domain_bridge_jazzy/install/domain_bridge/lib/domain_bridge/test_component" to ""
[32.256s] -- Installing: /home/syfra/Hybridation_Anis/c-its/domain_bridge_jazzy/install/domain_bridge/lib/libdomain_bridge_test_component_lib.so
[32.256s] -- Set non-toolchain portion of runtime path of "/home/syfra/Hybridation_Anis/c-its/domain_bridge_jazzy/install/domain_bridge/lib/libdomain_bridge_test_component_lib.so" to ""
[32.256s] -- Installing: /home/syfra/Hybridation_Anis/c-its/domain_bridge_jazzy/install/domain_bridge/share/ament_index/resource_index/package_run_dependencies/domain_bridge
[32.256s] -- Installing: /home/syfra/Hybridation_Anis/c-its/domain_bridge_jazzy/install/domain_bridge/share/ament_index/resource_index/parent_prefix_path/domain_bridge
[32.257s] -- Installing: /home/syfra/Hybridation_Anis/c-its/domain_bridge_jazzy/install/domain_bridge/share/domain_bridge/environment/ament_prefix_path.sh
[32.257s] -- Installing: /home/syfra/Hybridation_Anis/c-its/domain_bridge_jazzy/install/domain_bridge/share/domain_bridge/environment/ament_prefix_path.dsv
[32.257s] -- Installing: /home/syfra/Hybridation_Anis/c-its/domain_bridge_jazzy/install/domain_bridge/share/domain_bridge/environment/path.sh
[32.257s] -- Installing: /home/syfra/Hybridation_Anis/c-its/domain_bridge_jazzy/install/domain_bridge/share/domain_bridge/environment/path.dsv
[32.257s] -- Installing: /home/syfra/Hybridation_Anis/c-its/domain_bridge_jazzy/install/domain_bridge/share/domain_bridge/local_setup.bash
[32.257s] -- Installing: /home/syfra/Hybridation_Anis/c-its/domain_bridge_jazzy/install/domain_bridge/share/domain_bridge/local_setup.sh
[32.257s] -- Installing: /home/syfra/Hybridation_Anis/c-its/domain_bridge_jazzy/install/domain_bridge/share/domain_bridge/local_setup.zsh
[32.257s] -- Installing: /home/syfra/Hybridation_Anis/c-its/domain_bridge_jazzy/install/domain_bridge/share/domain_bridge/local_setup.dsv
[32.257s] -- Installing: /home/syfra/Hybridation_Anis/c-its/domain_bridge_jazzy/install/domain_bridge/share/domain_bridge/package.dsv
[32.257s] -- Installing: /home/syfra/Hybridation_Anis/c-its/domain_bridge_jazzy/install/domain_bridge/share/ament_index/resource_index/packages/domain_bridge
[32.257s] -- Installing: /home/syfra/Hybridation_Anis/c-its/domain_bridge_jazzy/install/domain_bridge/share/ament_index/resource_index/rclcpp_components/domain_bridge
[32.257s] -- Installing: /home/syfra/Hybridation_Anis/c-its/domain_bridge_jazzy/install/domain_bridge/share/domain_bridge/cmake/export_domain_bridge__rosidl_generator_cExport.cmake
[32.257s] -- Installing: /home/syfra/Hybridation_Anis/c-its/domain_bridge_jazzy/install/domain_bridge/share/domain_bridge/cmake/export_domain_bridge__rosidl_generator_cExport-release.cmake
[32.257s] -- Installing: /home/syfra/Hybridation_Anis/c-its/domain_bridge_jazzy/install/domain_bridge/share/domain_bridge/cmake/export_domain_bridge__rosidl_typesupport_fastrtps_cExport.cmake
[32.257s] -- Installing: /home/syfra/Hybridation_Anis/c-its/domain_bridge_jazzy/install/domain_bridge/share/domain_bridge/cmake/export_domain_bridge__rosidl_typesupport_fastrtps_cExport-release.cmake
[32.257s] -- Installing: /home/syfra/Hybridation_Anis/c-its/domain_bridge_jazzy/install/domain_bridge/share/domain_bridge/cmake/export_domain_bridge__rosidl_generator_cppExport.cmake
[32.257s] -- Installing: /home/syfra/Hybridation_Anis/c-its/domain_bridge_jazzy/install/domain_bridge/share/domain_bridge/cmake/export_domain_bridge__rosidl_typesupport_fastrtps_cppExport.cmake
[32.257s] -- Installing: /home/syfra/Hybridation_Anis/c-its/domain_bridge_jazzy/install/domain_bridge/share/domain_bridge/cmake/export_domain_bridge__rosidl_typesupport_fastrtps_cppExport-release.cmake
[32.257s] -- Installing: /home/syfra/Hybridation_Anis/c-its/domain_bridge_jazzy/install/domain_bridge/share/domain_bridge/cmake/domain_bridge__rosidl_typesupport_introspection_cExport.cmake
[32.257s] -- Installing: /home/syfra/Hybridation_Anis/c-its/domain_bridge_jazzy/install/domain_bridge/share/domain_bridge/cmake/domain_bridge__rosidl_typesupport_introspection_cExport-release.cmake
[32.257s] -- Installing: /home/syfra/Hybridation_Anis/c-its/domain_bridge_jazzy/install/domain_bridge/share/domain_bridge/cmake/domain_bridge__rosidl_typesupport_cExport.cmake
[32.257s] -- Installing: /home/syfra/Hybridation_Anis/c-its/domain_bridge_jazzy/install/domain_bridge/share/domain_bridge/cmake/domain_bridge__rosidl_typesupport_cExport-release.cmake
[32.257s] -- Installing: /home/syfra/Hybridation_Anis/c-its/domain_bridge_jazzy/install/domain_bridge/share/domain_bridge/cmake/domain_bridge__rosidl_typesupport_introspection_cppExport.cmake
[32.258s] -- Installing: /home/syfra/Hybridation_Anis/c-its/domain_bridge_jazzy/install/domain_bridge/share/domain_bridge/cmake/domain_bridge__rosidl_typesupport_introspection_cppExport-release.cmake
[32.258s] -- Installing: /home/syfra/Hybridation_Anis/c-its/domain_bridge_jazzy/install/domain_bridge/share/domain_bridge/cmake/domain_bridge__rosidl_typesupport_cppExport.cmake
[32.258s] -- Installing: /home/syfra/Hybridation_Anis/c-its/domain_bridge_jazzy/install/domain_bridge/share/domain_bridge/cmake/domain_bridge__rosidl_typesupport_cppExport-release.cmake
[32.258s] -- Installing: /home/syfra/Hybridation_Anis/c-its/domain_bridge_jazzy/install/domain_bridge/share/domain_bridge/cmake/export_domain_bridge__rosidl_generator_pyExport.cmake
[32.258s] -- Installing: /home/syfra/Hybridation_Anis/c-its/domain_bridge_jazzy/install/domain_bridge/share/domain_bridge/cmake/export_domain_bridge__rosidl_generator_pyExport-release.cmake
[32.258s] -- Installing: /home/syfra/Hybridation_Anis/c-its/domain_bridge_jazzy/install/domain_bridge/share/domain_bridge/cmake/export_domain_bridgeExport.cmake
[32.258s] -- Installing: /home/syfra/Hybridation_Anis/c-its/domain_bridge_jazzy/install/domain_bridge/share/domain_bridge/cmake/export_domain_bridgeExport-release.cmake
[32.258s] -- Installing: /home/syfra/Hybridation_Anis/c-its/domain_bridge_jazzy/install/domain_bridge/share/domain_bridge/cmake/rosidl_cmake-extras.cmake
[32.258s] -- Installing: /home/syfra/Hybridation_Anis/c-its/domain_bridge_jazzy/install/domain_bridge/share/domain_bridge/cmake/ament_cmake_export_include_directories-extras.cmake
[32.258s] -- Installing: /home/syfra/Hybridation_Anis/c-its/domain_bridge_jazzy/install/domain_bridge/share/domain_bridge/cmake/ament_cmake_export_libraries-extras.cmake
[32.258s] -- Installing: /home/syfra/Hybridation_Anis/c-its/domain_bridge_jazzy/install/domain_bridge/share/domain_bridge/cmake/ament_cmake_export_targets-extras.cmake
[32.258s] -- Installing: /home/syfra/Hybridation_Anis/c-its/domain_bridge_jazzy/install/domain_bridge/share/domain_bridge/cmake/rosidl_cmake_export_typesupport_targets-extras.cmake
[32.258s] -- Installing: /home/syfra/Hybridation_Anis/c-its/domain_bridge_jazzy/install/domain_bridge/share/domain_bridge/cmake/ament_cmake_export_dependencies-extras.cmake
[32.258s] -- Installing: /home/syfra/Hybridation_Anis/c-its/domain_bridge_jazzy/install/domain_bridge/share/domain_bridge/cmake/rosidl_cmake_export_typesupport_libraries-extras.cmake
[32.258s] -- Installing: /home/syfra/Hybridation_Anis/c-its/domain_bridge_jazzy/install/domain_bridge/share/domain_bridge/cmake/rosidl_cmake_aggregate_target-extras.cmake
[32.258s] -- Installing: /home/syfra/Hybridation_Anis/c-its/domain_bridge_jazzy/install/domain_bridge/share/domain_bridge/cmake/domain_bridgeConfig.cmake
[32.258s] -- Installing: /home/syfra/Hybridation_Anis/c-its/domain_bridge_jazzy/install/domain_bridge/share/domain_bridge/cmake/domain_bridgeConfig-version.cmake
[32.258s] -- Installing: /home/syfra/Hybridation_Anis/c-its/domain_bridge_jazzy/install/domain_bridge/share/domain_bridge/package.xml
[32.261s] Invoked command in '/home/syfra/Hybridation_Anis/c-its/domain_bridge_jazzy/build/domain_bridge' returned '0': CMAKE_PREFIX_PATH=${CMAKE_PREFIX_PATH}:/home/syfra/ros2_jazzy/install/rqt_bag_plugins:/home/syfra/ros2_jazzy/install/launch_testing_examples:/home/syfra/ros2_jazzy/install/ros2bag:/home/syfra/ros2_jazzy/install/rqt_bag:/home/syfra/ros2_jazzy/install/rosbag2_examples_py:/home/syfra/ros2_jazzy/install/tracetools_test:/home/syfra/ros2_jazzy/install/tracetools_launch:/home/syfra/ros2_jazzy/install/topic_monitor:/home/syfra/ros2_jazzy/install/tf2_tools:/home/syfra/ros2_jazzy/install/examples_tf2_py:/home/syfra/ros2_jazzy/install/tf2_ros_py:/home/syfra/ros2_jazzy/install/examples_rclpy_pointcloud_publisher:/home/syfra/ros2_jazzy/install/sensor_msgs_py:/home/syfra/ros2_jazzy/install/quality_of_service_demo_py:/home/syfra/ros2_jazzy/install/camera_info_manager_py:/home/syfra/ros2_jazzy/install/rqt_plot:/home/syfra/ros2_jazzy/install/ros2doctor:/home/syfra/ros2_jazzy/install/lifecycle_py:/home/syfra/ros2_jazzy/install/examples_rclpy_minimal_subscriber:/home/syfra/ros2_jazzy/install/examples_rclpy_minimal_service:/home/syfra/ros2_jazzy/install/examples_rclpy_minimal_publisher:/home/syfra/ros2_jazzy/install/examples_rclpy_minimal_client:/home/syfra/ros2_jazzy/install/examples_rclpy_executors:/home/syfra/ros2_jazzy/install/demo_nodes_py:/home/syfra/ros2_jazzy/install/rqt:/home/syfra/ros2_jazzy/install/ros2component:/home/syfra/ros2_jazzy/install/sros2:/home/syfra/ros2_jazzy/install/rqt_topic:/home/syfra/ros2_jazzy/install/rqt_srv:/home/syfra/ros2_jazzy/install/rqt_shell:/home/syfra/ros2_jazzy/install/rqt_service_caller:/home/syfra/ros2_jazzy/install/rqt_reconfigure:/home/syfra/ros2_jazzy/install/rqt_py_console:/home/syfra/ros2_jazzy/install/rqt_publisher:/home/syfra/ros2_jazzy/install/rqt_action:/home/syfra/ros2_jazzy/install/rqt_msg:/home/syfra/ros2_jazzy/install/rqt_console:/home/syfra/ros2_jazzy/install/rqt_graph:/home/syfra/ros2_jazzy/install/rqt_gui_py:/home/syfra/ros2_jazzy/install/rqt_gui:/home/syfra/ros2_jazzy/install/ros2trace:/home/syfra/ros2_jazzy/install/ros2param:/home/syfra/ros2_jazzy/install/ros2lifecycle:/home/syfra/ros2_jazzy/install/ros2service:/home/syfra/ros2_jazzy/install/ros2topic:/home/syfra/ros2_jazzy/install/ros2test:/home/syfra/ros2_jazzy/install/ros2run:/home/syfra/ros2_jazzy/install/ros2plugin:/home/syfra/ros2_jazzy/install/ros2launch:/home/syfra/ros2_jazzy/install/ros2pkg:/home/syfra/ros2_jazzy/install/ros2node:/home/syfra/ros2_jazzy/install/ros2multicast:/home/syfra/ros2_jazzy/install/ros2interface:/home/syfra/ros2_jazzy/install/ros2action:/home/syfra/ros2_jazzy/install/ros2cli:/home/syfra/ros2_jazzy/install/launch_testing_ros:/home/syfra/ros2_jazzy/install/launch_ros:/home/syfra/ros2_jazzy/install/examples_rclpy_minimal_action_server:/home/syfra/ros2_jazzy/install/examples_rclpy_minimal_action_client:/home/syfra/ros2_jazzy/install/examples_rclpy_guard_conditions:/home/syfra/ros2_jazzy/install/action_tutorials_py:/home/syfra/ros2_jazzy/install/ament_uncrustify:/home/syfra/ros2_jazzy/install/tracetools_trace:/home/syfra/ros2_jazzy/install/tracetools_read:/home/syfra/ros2_jazzy/install/test_tracetools_launch:/home/syfra/ros2_jazzy/install/test_ros2trace:/home/syfra/ros2_jazzy/install/test_launch_ros:/home/syfra/ros2_jazzy/install/rpyutils:/home/syfra/ros2_jazzy/install/rosidl_runtime_py:/home/syfra/ros2_jazzy/install/rosidl_pycommon:/home/syfra/ros2_jazzy/install/rosidl_cli:/home/syfra/ros2_jazzy/install/launch_pytest:/home/syfra/ros2_jazzy/install/launch_testing:/home/syfra/ros2_jazzy/install/launch_yaml:/home/syfra/ros2_jazzy/install/launch_xml:/home/syfra/ros2_jazzy/install/launch:/home/syfra/ros2_jazzy/install/osrf_pycommon:/home/syfra/ros2_jazzy/install/domain_coordinator:/home/syfra/ros2_jazzy/install/ament_xmllint:/home/syfra/ros2_jazzy/install/ament_pyflakes:/home/syfra/ros2_jazzy/install/ament_pycodestyle:/home/syfra/ros2_jazzy/install/ament_pep257:/home/syfra/ros2_jazzy/install/ament_pclint:/home/syfra/ros2_jazzy/install/ament_package:/home/syfra/ros2_jazzy/install/ament_mypy:/home/syfra/ros2_jazzy/install/ament_lint_cmake:/home/syfra/ros2_jazzy/install/ament_flake8:/home/syfra/ros2_jazzy/install/ament_copyright:/home/syfra/ros2_jazzy/install/ament_lint:/home/syfra/ros2_jazzy/install/ament_index_python:/home/syfra/ros2_jazzy/install/ament_cpplint:/home/syfra/ros2_jazzy/install/ament_cppcheck:/home/syfra/ros2_jazzy/install/ament_clang_tidy:/home/syfra/ros2_jazzy/install/ament_clang_format:/opt/ros/jazzy DEBUGINFOD_URLS=https://debuginfod.ubuntu.com /usr/bin/cmake --install /home/syfra/Hybridation_Anis/c-its/domain_bridge_jazzy/build/domain_bridge
